2019-04-26 21:53:24,619 INFO 12066 [egg-schedule]: register schedule /Users/lp1/Downloads/Vue-shopping-master/egg/node_modules/_egg-logrotator@3.1.0@egg-logrotator/app/schedule/clean_log.js
2019-04-26 21:53:24,619 INFO 12066 [egg-schedule]: register schedule /Users/lp1/Downloads/Vue-shopping-master/egg/node_modules/_egg-logrotator@3.1.0@egg-logrotator/app/schedule/rotate_by_file.js
2019-04-26 21:53:25,133 INFO 12060 [Timer] /Users/lp1/Downloads/Vue-shopping-master/egg/node_modules/_egg-logrotator@3.1.0@egg-logrotator/app/schedule/clean_log.js next time will execute after 7594868ms at 2019-04-27 00:00:00.001
2019-04-26 21:53:25,134 INFO 12060 [Timer] /Users/lp1/Downloads/Vue-shopping-master/egg/node_modules/_egg-logrotator@3.1.0@egg-logrotator/app/schedule/rotate_by_file.js next time will execute after 7595867ms at 2019-04-27 00:00:01.001
2019-04-27 08:36:27,870 INFO 6732 [egg-schedule]: register schedule C:\Users\Administrator\Desktop\shop\server\node_modules\egg-logrotator\app\schedule\clean_log.js
2019-04-27 08:36:27,870 INFO 6732 [egg-schedule]: register schedule C:\Users\Administrator\Desktop\shop\server\node_modules\egg-logrotator\app\schedule\rotate_by_file.js
2019-04-27 08:36:28,544 INFO 2016 [Timer] C:\Users\Administrator\Desktop\shop\server\node_modules\egg-logrotator\app\schedule\clean_log.js next time will execute after 55411458ms at 2019-04-28 00:00:00.002
2019-04-27 08:36:28,545 INFO 2016 [Timer] C:\Users\Administrator\Desktop\shop\server\node_modules\egg-logrotator\app\schedule\rotate_by_file.js next time will execute after 55412456ms at 2019-04-28 00:00:01.001
2019-04-27 10:25:49,289 INFO 3124 [egg-schedule]: register schedule C:\Users\Administrator\Desktop\shop\server\node_modules\egg-logrotator\app\schedule\clean_log.js
2019-04-27 10:25:49,289 INFO 3124 [egg-schedule]: register schedule C:\Users\Administrator\Desktop\shop\server\node_modules\egg-logrotator\app\schedule\rotate_by_file.js
2019-04-27 10:25:50,207 INFO 4408 [Timer] C:\Users\Administrator\Desktop\shop\server\node_modules\egg-logrotator\app\schedule\clean_log.js next time will execute after 48849796ms at 2019-04-28 00:00:00.003
2019-04-27 10:25:50,208 INFO 4408 [Timer] C:\Users\Administrator\Desktop\shop\server\node_modules\egg-logrotator\app\schedule\rotate_by_file.js next time will execute after 48850793ms at 2019-04-28 00:00:01.001
2019-04-30 13:56:42,574 INFO 7004 [egg-schedule]: register schedule C:\Users\Administrator\Desktop\shop\server\node_modules\_egg-logrotator@3.1.0@egg-logrotator\app\schedule\clean_log.js
2019-04-30 13:56:42,574 INFO 7004 [egg-schedule]: register schedule C:\Users\Administrator\Desktop\shop\server\node_modules\_egg-logrotator@3.1.0@egg-logrotator\app\schedule\rotate_by_file.js
2019-04-30 13:56:43,566 INFO 7296 [Timer] C:\Users\Administrator\Desktop\shop\server\node_modules\_egg-logrotator@3.1.0@egg-logrotator\app\schedule\clean_log.js next time will execute after 36196437ms at 2019-05-01 00:00:00.003
2019-04-30 13:56:43,566 INFO 7296 [Timer] C:\Users\Administrator\Desktop\shop\server\node_modules\_egg-logrotator@3.1.0@egg-logrotator\app\schedule\rotate_by_file.js next time will execute after 36197434ms at 2019-05-01 00:00:01.000
2019-04-30 14:03:27,981 INFO 1108 [egg-schedule]: register schedule C:\Users\Administrator\Desktop\shop\server\node_modules\_egg-logrotator@3.1.0@egg-logrotator\app\schedule\clean_log.js
2019-04-30 14:03:27,981 INFO 1108 [egg-schedule]: register schedule C:\Users\Administrator\Desktop\shop\server\node_modules\_egg-logrotator@3.1.0@egg-logrotator\app\schedule\rotate_by_file.js
2019-04-30 14:03:28,965 INFO 7224 [Timer] C:\Users\Administrator\Desktop\shop\server\node_modules\_egg-logrotator@3.1.0@egg-logrotator\app\schedule\clean_log.js next time will execute after 35791037ms at 2019-05-01 00:00:00.002
2019-04-30 14:03:28,965 INFO 7224 [Timer] C:\Users\Administrator\Desktop\shop\server\node_modules\_egg-logrotator@3.1.0@egg-logrotator\app\schedule\rotate_by_file.js next time will execute after 35792035ms at 2019-05-01 00:00:01.000
2019-04-30 15:00:05,800 INFO 6380 [egg-schedule]: register schedule C:\Users\Administrator\Desktop\shop\server\node_modules\_egg-logrotator@3.1.0@egg-logrotator\app\schedule\clean_log.js
2019-04-30 15:00:05,800 INFO 6380 [egg-schedule]: register schedule C:\Users\Administrator\Desktop\shop\server\node_modules\_egg-logrotator@3.1.0@egg-logrotator\app\schedule\rotate_by_file.js
2019-04-30 15:01:10,434 INFO 6940 [egg-schedule]: register schedule C:\Users\Administrator\Desktop\shop\server\node_modules\_egg-logrotator@3.1.0@egg-logrotator\app\schedule\clean_log.js
2019-04-30 15:01:10,434 INFO 6940 [egg-schedule]: register schedule C:\Users\Administrator\Desktop\shop\server\node_modules\_egg-logrotator@3.1.0@egg-logrotator\app\schedule\rotate_by_file.js
2019-04-30 15:10:23,300 INFO 1588 [egg-schedule]: register schedule C:\Users\Administrator\Desktop\shop\server\node_modules\_egg-logrotator@3.1.0@egg-logrotator\app\schedule\clean_log.js
2019-04-30 15:10:23,300 INFO 1588 [egg-schedule]: register schedule C:\Users\Administrator\Desktop\shop\server\node_modules\_egg-logrotator@3.1.0@egg-logrotator\app\schedule\rotate_by_file.js
2019-04-30 16:00:35,805 INFO 8096 [Timer] C:\Users\Administrator\Desktop\shop\server\node_modules\_egg-logrotator@3.1.0@egg-logrotator\app\schedule\clean_log.js next time will execute after 28764197ms at 2019-05-01 00:00:00.002
2019-04-30 16:00:35,806 INFO 8096 [Timer] C:\Users\Administrator\Desktop\shop\server\node_modules\_egg-logrotator@3.1.0@egg-logrotator\app\schedule\rotate_by_file.js next time will execute after 28765194ms at 2019-05-01 00:00:01.000
2019-04-30 16:00:34,907 INFO 2516 [egg-schedule]: register schedule C:\Users\Administrator\Desktop\shop\server\node_modules\_egg-logrotator@3.1.0@egg-logrotator\app\schedule\clean_log.js
2019-04-30 16:00:34,907 INFO 2516 [egg-schedule]: register schedule C:\Users\Administrator\Desktop\shop\server\node_modules\_egg-logrotator@3.1.0@egg-logrotator\app\schedule\rotate_by_file.js
2019-04-30 16:27:59,003 INFO 1652 [egg-schedule]: register schedule C:\Users\Administrator\Desktop\shop\server\node_modules\_egg-logrotator@3.1.0@egg-logrotator\app\schedule\clean_log.js
2019-04-30 16:27:59,003 INFO 1652 [egg-schedule]: register schedule C:\Users\Administrator\Desktop\shop\server\node_modules\_egg-logrotator@3.1.0@egg-logrotator\app\schedule\rotate_by_file.js
2019-04-30 16:27:59,901 INFO 3480 [Timer] C:\Users\Administrator\Desktop\shop\server\node_modules\_egg-logrotator@3.1.0@egg-logrotator\app\schedule\clean_log.js next time will execute after 27120102ms at 2019-05-01 00:00:00.003
2019-04-30 16:27:59,902 INFO 3480 [Timer] C:\Users\Administrator\Desktop\shop\server\node_modules\_egg-logrotator@3.1.0@egg-logrotator\app\schedule\rotate_by_file.js next time will execute after 27121098ms at 2019-05-01 00:00:01.000
2019-05-08 11:13:01,316 INFO 7920 [egg-schedule]: register schedule C:\Users\Administrator\Desktop\shop\server\node_modules\_egg-logrotator@3.1.0@egg-logrotator\app\schedule\clean_log.js
2019-05-08 11:13:01,316 INFO 7920 [egg-schedule]: register schedule C:\Users\Administrator\Desktop\shop\server\node_modules\_egg-logrotator@3.1.0@egg-logrotator\app\schedule\rotate_by_file.js
2019-05-08 11:13:02,273 INFO 7520 [Timer] C:\Users\Administrator\Desktop\shop\server\node_modules\_egg-logrotator@3.1.0@egg-logrotator\app\schedule\clean_log.js next time will execute after 46017730ms at 2019-05-09 00:00:00.003
2019-05-08 11:13:02,273 INFO 7520 [Timer] C:\Users\Administrator\Desktop\shop\server\node_modules\_egg-logrotator@3.1.0@egg-logrotator\app\schedule\rotate_by_file.js next time will execute after 46018727ms at 2019-05-09 00:00:01.000
2019-05-08 16:19:35,394 INFO 6608 [egg-schedule]: register schedule C:\Users\Administrator\Desktop\shop\server\node_modules\_egg-logrotator@3.1.0@egg-logrotator\app\schedule\clean_log.js
2019-05-08 16:19:35,394 INFO 6608 [egg-schedule]: register schedule C:\Users\Administrator\Desktop\shop\server\node_modules\_egg-logrotator@3.1.0@egg-logrotator\app\schedule\rotate_by_file.js
2019-05-08 16:19:36,932 INFO 3768 [Timer] C:\Users\Administrator\Desktop\shop\server\node_modules\_egg-logrotator@3.1.0@egg-logrotator\app\schedule\clean_log.js next time will execute after 27623072ms at 2019-05-09 00:00:00.004
2019-05-08 16:19:36,934 INFO 3768 [Timer] C:\Users\Administrator\Desktop\shop\server\node_modules\_egg-logrotator@3.1.0@egg-logrotator\app\schedule\rotate_by_file.js next time will execute after 27624067ms at 2019-05-09 00:00:01.001
2019-05-10 08:53:01,790 INFO 3636 [egg-schedule]: register schedule C:\Users\Administrator\Desktop\shop\server\node_modules\_egg-logrotator@3.1.0@egg-logrotator\app\schedule\clean_log.js
2019-05-10 08:53:01,790 INFO 3636 [egg-schedule]: register schedule C:\Users\Administrator\Desktop\shop\server\node_modules\_egg-logrotator@3.1.0@egg-logrotator\app\schedule\rotate_by_file.js
2019-05-10 08:53:02,667 INFO 7236 [Timer] C:\Users\Administrator\Desktop\shop\server\node_modules\_egg-logrotator@3.1.0@egg-logrotator\app\schedule\clean_log.js next time will execute after 54417335ms at 2019-05-11 00:00:00.002
2019-05-10 08:53:02,670 INFO 7236 [Timer] C:\Users\Administrator\Desktop\shop\server\node_modules\_egg-logrotator@3.1.0@egg-logrotator\app\schedule\rotate_by_file.js next time will execute after 54418333ms at 2019-05-11 00:00:01.002
2019-05-10 08:53:17,483 INFO 7048 [egg-schedule]: register schedule C:\Users\Administrator\Desktop\shop\server\node_modules\_egg-logrotator@3.1.0@egg-logrotator\app\schedule\clean_log.js
2019-05-10 08:53:17,483 INFO 7048 [egg-schedule]: register schedule C:\Users\Administrator\Desktop\shop\server\node_modules\_egg-logrotator@3.1.0@egg-logrotator\app\schedule\rotate_by_file.js
2019-05-10 08:53:18,095 INFO 7848 [Timer] C:\Users\Administrator\Desktop\shop\server\node_modules\_egg-logrotator@3.1.0@egg-logrotator\app\schedule\clean_log.js next time will execute after 54401907ms at 2019-05-11 00:00:00.002
2019-05-10 08:53:18,096 INFO 7848 [Timer] C:\Users\Administrator\Desktop\shop\server\node_modules\_egg-logrotator@3.1.0@egg-logrotator\app\schedule\rotate_by_file.js next time will execute after 54402904ms at 2019-05-11 00:00:01.000
2019-07-01 09:48:44,453 INFO 6592 [Timer] C:\Users\Administrator\Desktop\vue商城项目\server\node_modules\egg-multipart\app\schedule\clean_tmpdir.js next time will execute after 67275550ms at 2019-07-02 04:30:00.003
2019-07-01 09:48:44,453 INFO 6592 [Timer] C:\Users\Administrator\Desktop\vue商城项目\server\node_modules\egg-logrotator\app\schedule\clean_log.js next time will execute after 51075547ms at 2019-07-02 00:00:00.000
2019-07-01 09:48:44,453 INFO 6592 [Timer] C:\Users\Administrator\Desktop\vue商城项目\server\node_modules\egg-logrotator\app\schedule\rotate_by_file.js next time will execute after 51076547ms at 2019-07-02 00:00:01.000
2019-07-01 09:48:43,807 INFO 404 [egg-schedule]: register schedule C:\Users\Administrator\Desktop\vue商城项目\server\node_modules\egg-multipart\app\schedule\clean_tmpdir.js
2019-07-01 09:48:43,807 INFO 404 [egg-schedule]: register schedule C:\Users\Administrator\Desktop\vue商城项目\server\node_modules\egg-logrotator\app\schedule\clean_log.js
2019-07-01 09:48:43,807 INFO 404 [egg-schedule]: register schedule C:\Users\Administrator\Desktop\vue商城项目\server\node_modules\egg-logrotator\app\schedule\rotate_by_file.js
2019-07-03 14:42:37,687 INFO 9404 [egg-schedule]: register schedule C:\Users\Administrator\Desktop\vue商城项目\server\node_modules\egg-multipart\app\schedule\clean_tmpdir.js
2019-07-03 14:42:37,687 INFO 9404 [egg-schedule]: register schedule C:\Users\Administrator\Desktop\vue商城项目\server\node_modules\egg-logrotator\app\schedule\clean_log.js
2019-07-03 14:42:37,687 INFO 9404 [egg-schedule]: register schedule C:\Users\Administrator\Desktop\vue商城项目\server\node_modules\egg-logrotator\app\schedule\rotate_by_file.js
2019-07-03 14:42:38,972 INFO 7312 [Timer] C:\Users\Administrator\Desktop\vue商城项目\server\node_modules\egg-multipart\app\schedule\clean_tmpdir.js next time will execute after 49641031ms at 2019-07-04 04:30:00.003
2019-07-03 14:42:38,973 INFO 7312 [Timer] C:\Users\Administrator\Desktop\vue商城项目\server\node_modules\egg-logrotator\app\schedule\clean_log.js next time will execute after 33441027ms at 2019-07-04 00:00:00.000
2019-07-03 14:42:38,973 INFO 7312 [Timer] C:\Users\Administrator\Desktop\vue商城项目\server\node_modules\egg-logrotator\app\schedule\rotate_by_file.js next time will execute after 33442027ms at 2019-07-04 00:00:01.000
2019-07-03 15:24:23,579 INFO 10252 [egg-schedule]: register schedule C:\Users\Administrator\Desktop\vue商城项目\server\node_modules\egg-multipart\app\schedule\clean_tmpdir.js
2019-07-03 15:24:23,579 INFO 10252 [egg-schedule]: register schedule C:\Users\Administrator\Desktop\vue商城项目\server\node_modules\egg-logrotator\app\schedule\clean_log.js
2019-07-03 15:24:23,579 INFO 10252 [egg-schedule]: register schedule C:\Users\Administrator\Desktop\vue商城项目\server\node_modules\egg-logrotator\app\schedule\rotate_by_file.js
2019-07-03 15:24:24,757 INFO 6160 [Timer] C:\Users\Administrator\Desktop\vue商城项目\server\node_modules\egg-multipart\app\schedule\clean_tmpdir.js next time will execute after 47135246ms at 2019-07-04 04:30:00.003
2019-07-03 15:24:24,758 INFO 6160 [Timer] C:\Users\Administrator\Desktop\vue商城项目\server\node_modules\egg-logrotator\app\schedule\clean_log.js next time will execute after 30935243ms at 2019-07-04 00:00:00.001
2019-07-03 15:24:24,758 INFO 6160 [Timer] C:\Users\Administrator\Desktop\vue商城项目\server\node_modules\egg-logrotator\app\schedule\rotate_by_file.js next time will execute after 30936242ms at 2019-07-04 00:00:01.000
2019-11-04 09:12:28,167 INFO 5540 [egg-schedule]: register schedule C:\Users\Administrator\Desktop\Shopping Mall\server\node_modules\egg-multipart\app\schedule\clean_tmpdir.js
2019-11-04 09:12:28,167 INFO 5540 [egg-schedule]: register schedule C:\Users\Administrator\Desktop\Shopping Mall\server\node_modules\egg-logrotator\app\schedule\clean_log.js
2019-11-04 09:12:28,167 INFO 5540 [egg-schedule]: register schedule C:\Users\Administrator\Desktop\Shopping Mall\server\node_modules\egg-logrotator\app\schedule\rotate_by_file.js
2019-11-04 09:12:29,089 INFO 4224 [Timer] C:\Users\Administrator\Desktop\Shopping Mall\server\node_modules\egg-multipart\app\schedule\clean_tmpdir.js next time will execute after 69450914ms at 2019-11-05 04:30:00.003
2019-11-04 09:12:29,089 INFO 4224 [Timer] C:\Users\Administrator\Desktop\Shopping Mall\server\node_modules\egg-logrotator\app\schedule\clean_log.js next time will execute after 53250911ms at 2019-11-05 00:00:00.000
2019-11-04 09:12:29,089 INFO 4224 [Timer] C:\Users\Administrator\Desktop\Shopping Mall\server\node_modules\egg-logrotator\app\schedule\rotate_by_file.js next time will execute after 53251911ms at 2019-11-05 00:00:01.000
2019-11-04 09:28:02,059 INFO 6292 [egg-schedule]: register schedule C:\Users\Administrator\Desktop\Shopping Mall\server\node_modules\egg-multipart\app\schedule\clean_tmpdir.js
2019-11-04 09:28:02,059 INFO 6292 [egg-schedule]: register schedule C:\Users\Administrator\Desktop\Shopping Mall\server\node_modules\egg-logrotator\app\schedule\clean_log.js
2019-11-04 09:28:02,059 INFO 6292 [egg-schedule]: register schedule C:\Users\Administrator\Desktop\Shopping Mall\server\node_modules\egg-logrotator\app\schedule\rotate_by_file.js
2019-11-04 09:28:15,544 INFO 7024 [Timer] C:\Users\Administrator\Desktop\Shopping Mall\server\node_modules\egg-multipart\app\schedule\clean_tmpdir.js next time will execute after 68504459ms at 2019-11-05 04:30:00.003
2019-11-04 09:28:15,544 INFO 7024 [Timer] C:\Users\Administrator\Desktop\Shopping Mall\server\node_modules\egg-logrotator\app\schedule\clean_log.js next time will execute after 52304456ms at 2019-11-05 00:00:00.000
2019-11-04 09:28:15,545 INFO 7024 [Timer] C:\Users\Administrator\Desktop\Shopping Mall\server\node_modules\egg-logrotator\app\schedule\rotate_by_file.js next time will execute after 52305456ms at 2019-11-05 00:00:01.001
2019-11-04 14:03:07,165 INFO 6292 [egg-schedule]: register schedule C:\Users\Administrator\Desktop\Shopping Mall\server\node_modules\egg-multipart\app\schedule\clean_tmpdir.js
2019-11-04 14:03:07,165 INFO 6292 [egg-schedule]: register schedule C:\Users\Administrator\Desktop\Shopping Mall\server\node_modules\egg-logrotator\app\schedule\clean_log.js
2019-11-04 14:03:07,165 INFO 6292 [egg-schedule]: register schedule C:\Users\Administrator\Desktop\Shopping Mall\server\node_modules\egg-logrotator\app\schedule\rotate_by_file.js
2019-11-04 14:03:19,477 INFO 6092 [Timer] C:\Users\Administrator\Desktop\Shopping Mall\server\node_modules\egg-multipart\app\schedule\clean_tmpdir.js next time will execute after 52000554ms at 2019-11-05 04:30:00.031
2019-11-04 14:03:19,478 INFO 6092 [Timer] C:\Users\Administrator\Desktop\Shopping Mall\server\node_modules\egg-logrotator\app\schedule\clean_log.js next time will execute after 35800522ms at 2019-11-05 00:00:00.000
2019-11-04 14:03:19,478 INFO 6092 [Timer] C:\Users\Administrator\Desktop\Shopping Mall\server\node_modules\egg-logrotator\app\schedule\rotate_by_file.js next time will execute after 35801522ms at 2019-11-05 00:00:01.000
2019-11-04 20:05:56,696 INFO 56564 [egg-schedule]: register schedule C:\Users\admin\Desktop\Shopping Mall\server\node_modules\_egg-multipart@2.9.0@egg-multipart\app\schedule\clean_tmpdir.js
2019-11-04 20:05:56,696 INFO 56564 [egg-schedule]: register schedule C:\Users\admin\Desktop\Shopping Mall\server\node_modules\_egg-logrotator@3.1.0@egg-logrotator\app\schedule\clean_log.js
2019-11-04 20:05:56,696 INFO 56564 [egg-schedule]: register schedule C:\Users\admin\Desktop\Shopping Mall\server\node_modules\_egg-logrotator@3.1.0@egg-logrotator\app\schedule\rotate_by_file.js
2019-11-04 20:06:00,726 INFO 31248 [Timer] C:\Users\admin\Desktop\Shopping Mall\server\node_modules\_egg-multipart@2.9.0@egg-multipart\app\schedule\clean_tmpdir.js next time will execute after 30239280ms at 2019-11-05 04:30:00.006
2019-11-04 20:06:00,727 INFO 31248 [Timer] C:\Users\admin\Desktop\Shopping Mall\server\node_modules\_egg-logrotator@3.1.0@egg-logrotator\app\schedule\clean_log.js next time will execute after 14039274ms at 2019-11-05 00:00:00.000
2019-11-04 20:06:00,727 INFO 31248 [Timer] C:\Users\admin\Desktop\Shopping Mall\server\node_modules\_egg-logrotator@3.1.0@egg-logrotator\app\schedule\rotate_by_file.js next time will execute after 14040273ms at 2019-11-05 00:00:01.000
2019-11-05 08:40:52,614 INFO 4484 [egg-schedule]: register schedule C:\Users\Administrator\Desktop\Shopping Mall\server\node_modules\egg-multipart\app\schedule\clean_tmpdir.js
2019-11-05 08:40:52,614 INFO 4484 [egg-schedule]: register schedule C:\Users\Administrator\Desktop\Shopping Mall\server\node_modules\egg-logrotator\app\schedule\clean_log.js
2019-11-05 08:40:52,614 INFO 4484 [egg-schedule]: register schedule C:\Users\Administrator\Desktop\Shopping Mall\server\node_modules\egg-logrotator\app\schedule\rotate_by_file.js
2019-11-05 08:40:54,898 INFO 3848 [Timer] C:\Users\Administrator\Desktop\Shopping Mall\server\node_modules\egg-multipart\app\schedule\clean_tmpdir.js next time will execute after 71345104ms at 2019-11-06 04:30:00.002
2019-11-05 08:40:54,898 INFO 3848 [Timer] C:\Users\Administrator\Desktop\Shopping Mall\server\node_modules\egg-logrotator\app\schedule\clean_log.js next time will execute after 55145102ms at 2019-11-06 00:00:00.000
2019-11-05 08:40:54,899 INFO 3848 [Timer] C:\Users\Administrator\Desktop\Shopping Mall\server\node_modules\egg-logrotator\app\schedule\rotate_by_file.js next time will execute after 55146102ms at 2019-11-06 00:00:01.001
2019-11-06 08:29:23,841 INFO 3928 [egg-schedule]: register schedule C:\Users\Administrator\Desktop\Shopping Mall\server\node_modules\egg-multipart\app\schedule\clean_tmpdir.js
2019-11-06 08:29:23,841 INFO 3928 [egg-schedule]: register schedule C:\Users\Administrator\Desktop\Shopping Mall\server\node_modules\egg-logrotator\app\schedule\clean_log.js
2019-11-06 08:29:23,841 INFO 3928 [egg-schedule]: register schedule C:\Users\Administrator\Desktop\Shopping Mall\server\node_modules\egg-logrotator\app\schedule\rotate_by_file.js
2019-11-06 08:29:34,078 INFO 3436 [Timer] C:\Users\Administrator\Desktop\Shopping Mall\server\node_modules\egg-multipart\app\schedule\clean_tmpdir.js next time will execute after 72025925ms at 2019-11-07 04:30:00.003
2019-11-06 08:29:34,078 INFO 3436 [Timer] C:\Users\Administrator\Desktop\Shopping Mall\server\node_modules\egg-logrotator\app\schedule\clean_log.js next time will execute after 55825922ms at 2019-11-07 00:00:00.000
2019-11-06 08:29:34,078 INFO 3436 [Timer] C:\Users\Administrator\Desktop\Shopping Mall\server\node_modules\egg-logrotator\app\schedule\rotate_by_file.js next time will execute after 55826922ms at 2019-11-07 00:00:01.000
2019-11-07 08:31:17,702 INFO 760 [egg-schedule]: register schedule C:\Users\Administrator\Desktop\Shopping Mall\server\node_modules\egg-multipart\app\schedule\clean_tmpdir.js
2019-11-07 08:31:17,702 INFO 760 [egg-schedule]: register schedule C:\Users\Administrator\Desktop\Shopping Mall\server\node_modules\egg-logrotator\app\schedule\clean_log.js
2019-11-07 08:31:17,702 INFO 760 [egg-schedule]: register schedule C:\Users\Administrator\Desktop\Shopping Mall\server\node_modules\egg-logrotator\app\schedule\rotate_by_file.js
2019-11-07 08:31:27,850 INFO 4356 [Timer] C:\Users\Administrator\Desktop\Shopping Mall\server\node_modules\egg-multipart\app\schedule\clean_tmpdir.js next time will execute after 71912152ms at 2019-11-08 04:30:00.002
2019-11-07 08:31:27,851 INFO 4356 [Timer] C:\Users\Administrator\Desktop\Shopping Mall\server\node_modules\egg-logrotator\app\schedule\clean_log.js next time will execute after 55712149ms at 2019-11-08 00:00:00.000
2019-11-07 08:31:27,851 INFO 4356 [Timer] C:\Users\Administrator\Desktop\Shopping Mall\server\node_modules\egg-logrotator\app\schedule\rotate_by_file.js next time will execute after 55713149ms at 2019-11-08 00:00:01.000
2019-11-08 08:33:24,176 INFO 5560 [egg-schedule]: register schedule C:\Users\Administrator\Desktop\Shopping Mall\server\node_modules\egg-multipart\app\schedule\clean_tmpdir.js
2019-11-08 08:33:24,176 INFO 5560 [egg-schedule]: register schedule C:\Users\Administrator\Desktop\Shopping Mall\server\node_modules\egg-logrotator\app\schedule\clean_log.js
2019-11-08 08:33:24,176 INFO 5560 [egg-schedule]: register schedule C:\Users\Administrator\Desktop\Shopping Mall\server\node_modules\egg-logrotator\app\schedule\rotate_by_file.js
2019-11-08 08:42:05,638 INFO 5608 [egg-schedule]: register schedule C:\Users\Administrator\Desktop\Shopping Mall\server\node_modules\egg-multipart\app\schedule\clean_tmpdir.js
2019-11-08 08:42:05,638 INFO 5608 [egg-schedule]: register schedule C:\Users\Administrator\Desktop\Shopping Mall\server\node_modules\egg-logrotator\app\schedule\clean_log.js
2019-11-08 08:42:05,638 INFO 5608 [egg-schedule]: register schedule C:\Users\Administrator\Desktop\Shopping Mall\server\node_modules\egg-logrotator\app\schedule\rotate_by_file.js
2019-11-08 08:43:11,153 INFO 5292 [egg-schedule]: register schedule C:\Users\Administrator\Desktop\Shopping Mall\server\node_modules\egg-multipart\app\schedule\clean_tmpdir.js
2019-11-08 08:43:11,153 INFO 5292 [egg-schedule]: register schedule C:\Users\Administrator\Desktop\Shopping Mall\server\node_modules\egg-logrotator\app\schedule\clean_log.js
2019-11-08 08:43:11,153 INFO 5292 [egg-schedule]: register schedule C:\Users\Administrator\Desktop\Shopping Mall\server\node_modules\egg-logrotator\app\schedule\rotate_by_file.js
2019-11-08 08:43:12,031 INFO 6092 [Timer] C:\Users\Administrator\Desktop\Shopping Mall\server\node_modules\egg-multipart\app\schedule\clean_tmpdir.js next time will execute after 71207972ms at 2019-11-09 04:30:00.003
2019-11-08 08:43:12,031 INFO 6092 [Timer] C:\Users\Administrator\Desktop\Shopping Mall\server\node_modules\egg-logrotator\app\schedule\clean_log.js next time will execute after 55007969ms at 2019-11-09 00:00:00.000
2019-11-08 08:43:12,032 INFO 6092 [Timer] C:\Users\Administrator\Desktop\Shopping Mall\server\node_modules\egg-logrotator\app\schedule\rotate_by_file.js next time will execute after 55008969ms at 2019-11-09 00:00:01.001
2019-11-09 08:32:43,376 INFO 1244 [egg-schedule]: register schedule C:\Users\Administrator\Desktop\Shopping Mall\server\node_modules\egg-multipart\app\schedule\clean_tmpdir.js
2019-11-09 08:32:43,376 INFO 1244 [egg-schedule]: register schedule C:\Users\Administrator\Desktop\Shopping Mall\server\node_modules\egg-logrotator\app\schedule\clean_log.js
2019-11-09 08:32:43,376 INFO 1244 [egg-schedule]: register schedule C:\Users\Administrator\Desktop\Shopping Mall\server\node_modules\egg-logrotator\app\schedule\rotate_by_file.js
2019-11-09 08:32:53,641 INFO 2580 [Timer] C:\Users\Administrator\Desktop\Shopping Mall\server\node_modules\egg-multipart\app\schedule\clean_tmpdir.js next time will execute after 71826361ms at 2019-11-10 04:30:00.002
2019-11-09 08:32:53,642 INFO 2580 [Timer] C:\Users\Administrator\Desktop\Shopping Mall\server\node_modules\egg-logrotator\app\schedule\clean_log.js next time will execute after 55626359ms at 2019-11-10 00:00:00.001
2019-11-09 08:32:53,642 INFO 2580 [Timer] C:\Users\Administrator\Desktop\Shopping Mall\server\node_modules\egg-logrotator\app\schedule\rotate_by_file.js next time will execute after 55627358ms at 2019-11-10 00:00:01.000
2019-11-11 08:31:02,283 INFO 4308 [egg-schedule]: register schedule C:\Users\Administrator\Desktop\Shopping Mall\server\node_modules\egg-multipart\app\schedule\clean_tmpdir.js
2019-11-11 08:31:02,283 INFO 4308 [egg-schedule]: register schedule C:\Users\Administrator\Desktop\Shopping Mall\server\node_modules\egg-logrotator\app\schedule\clean_log.js
2019-11-11 08:31:02,283 INFO 4308 [egg-schedule]: register schedule C:\Users\Administrator\Desktop\Shopping Mall\server\node_modules\egg-logrotator\app\schedule\rotate_by_file.js
2019-11-11 08:31:12,421 INFO 4584 [Timer] C:\Users\Administrator\Desktop\Shopping Mall\server\node_modules\egg-multipart\app\schedule\clean_tmpdir.js next time will execute after 71927582ms at 2019-11-12 04:30:00.003
2019-11-11 08:31:12,421 INFO 4584 [Timer] C:\Users\Administrator\Desktop\Shopping Mall\server\node_modules\egg-logrotator\app\schedule\clean_log.js next time will execute after 55727579ms at 2019-11-12 00:00:00.000
2019-11-11 08:31:12,422 INFO 4584 [Timer] C:\Users\Administrator\Desktop\Shopping Mall\server\node_modules\egg-logrotator\app\schedule\rotate_by_file.js next time will execute after 55728579ms at 2019-11-12 00:00:01.001
2019-11-12 08:32:04,185 INFO 4256 [egg-schedule]: register schedule C:\Users\Administrator\Desktop\Shopping Mall\server\node_modules\egg-multipart\app\schedule\clean_tmpdir.js
2019-11-12 08:32:04,185 INFO 4256 [egg-schedule]: register schedule C:\Users\Administrator\Desktop\Shopping Mall\server\node_modules\egg-logrotator\app\schedule\clean_log.js
2019-11-12 08:32:04,185 INFO 4256 [egg-schedule]: register schedule C:\Users\Administrator\Desktop\Shopping Mall\server\node_modules\egg-logrotator\app\schedule\rotate_by_file.js
2019-11-12 08:32:14,767 INFO 4832 [Timer] C:\Users\Administrator\Desktop\Shopping Mall\server\node_modules\egg-multipart\app\schedule\clean_tmpdir.js next time will execute after 71865236ms at 2019-11-13 04:30:00.003
2019-11-12 08:32:14,767 INFO 4832 [Timer] C:\Users\Administrator\Desktop\Shopping Mall\server\node_modules\egg-logrotator\app\schedule\clean_log.js next time will execute after 55665233ms at 2019-11-13 00:00:00.000
2019-11-12 08:32:14,768 INFO 4832 [Timer] C:\Users\Administrator\Desktop\Shopping Mall\server\node_modules\egg-logrotator\app\schedule\rotate_by_file.js next time will execute after 55666233ms at 2019-11-13 00:00:01.001
2019-11-13 08:35:03,495 INFO 3868 [egg-schedule]: register schedule C:\Users\Administrator\Desktop\Shopping Mall\server\node_modules\egg-multipart\app\schedule\clean_tmpdir.js
2019-11-13 08:35:03,495 INFO 3868 [egg-schedule]: register schedule C:\Users\Administrator\Desktop\Shopping Mall\server\node_modules\egg-logrotator\app\schedule\clean_log.js
2019-11-13 08:35:03,495 INFO 3868 [egg-schedule]: register schedule C:\Users\Administrator\Desktop\Shopping Mall\server\node_modules\egg-logrotator\app\schedule\rotate_by_file.js
2019-11-13 08:36:25,422 INFO 5324 [egg-schedule]: register schedule C:\Users\Administrator\Desktop\Shopping Mall\server\node_modules\egg-multipart\app\schedule\clean_tmpdir.js
2019-11-13 08:36:25,422 INFO 5324 [egg-schedule]: register schedule C:\Users\Administrator\Desktop\Shopping Mall\server\node_modules\egg-logrotator\app\schedule\clean_log.js
2019-11-13 08:36:25,422 INFO 5324 [egg-schedule]: register schedule C:\Users\Administrator\Desktop\Shopping Mall\server\node_modules\egg-logrotator\app\schedule\rotate_by_file.js
2019-11-13 08:36:26,283 INFO 5252 [Timer] C:\Users\Administrator\Desktop\Shopping Mall\server\node_modules\egg-multipart\app\schedule\clean_tmpdir.js next time will execute after 71613720ms at 2019-11-14 04:30:00.003
2019-11-13 08:36:26,283 INFO 5252 [Timer] C:\Users\Administrator\Desktop\Shopping Mall\server\node_modules\egg-logrotator\app\schedule\clean_log.js next time will execute after 55413717ms at 2019-11-14 00:00:00.000
2019-11-13 08:36:26,284 INFO 5252 [Timer] C:\Users\Administrator\Desktop\Shopping Mall\server\node_modules\egg-logrotator\app\schedule\rotate_by_file.js next time will execute after 55414717ms at 2019-11-14 00:00:01.000
2019-11-13 18:31:10,872 INFO 13356 [egg-schedule]: register schedule C:\Users\Administrator\Desktop\Shopping Mall\server\node_modules\egg-multipart\app\schedule\clean_tmpdir.js
2019-11-13 18:31:10,872 INFO 13356 [egg-schedule]: register schedule C:\Users\Administrator\Desktop\Shopping Mall\server\node_modules\egg-logrotator\app\schedule\clean_log.js
2019-11-13 18:31:10,872 INFO 13356 [egg-schedule]: register schedule C:\Users\Administrator\Desktop\Shopping Mall\server\node_modules\egg-logrotator\app\schedule\rotate_by_file.js
2019-11-13 18:31:20,982 INFO 532 [Timer] C:\Users\Administrator\Desktop\Shopping Mall\server\node_modules\egg-multipart\app\schedule\clean_tmpdir.js next time will execute after 35919020ms at 2019-11-14 04:30:00.002
2019-11-13 18:31:20,983 INFO 532 [Timer] C:\Users\Administrator\Desktop\Shopping Mall\server\node_modules\egg-logrotator\app\schedule\clean_log.js next time will execute after 19719017ms at 2019-11-14 00:00:00.000
2019-11-13 18:31:20,983 INFO 532 [Timer] C:\Users\Administrator\Desktop\Shopping Mall\server\node_modules\egg-logrotator\app\schedule\rotate_by_file.js next time will execute after 19720017ms at 2019-11-14 00:00:01.000
2019-11-14 08:30:55,390 INFO 3592 [egg-schedule]: register schedule C:\Users\Administrator\Desktop\Shopping Mall\server\node_modules\egg-multipart\app\schedule\clean_tmpdir.js
2019-11-14 08:30:55,390 INFO 3592 [egg-schedule]: register schedule C:\Users\Administrator\Desktop\Shopping Mall\server\node_modules\egg-logrotator\app\schedule\clean_log.js
2019-11-14 08:30:55,390 INFO 3592 [egg-schedule]: register schedule C:\Users\Administrator\Desktop\Shopping Mall\server\node_modules\egg-logrotator\app\schedule\rotate_by_file.js
2019-11-14 08:31:43,483 INFO 4192 [egg-schedule]: register schedule C:\Users\Administrator\Desktop\Shopping Mall\server\node_modules\egg-multipart\app\schedule\clean_tmpdir.js
2019-11-14 08:31:43,483 INFO 4192 [egg-schedule]: register schedule C:\Users\Administrator\Desktop\Shopping Mall\server\node_modules\egg-logrotator\app\schedule\clean_log.js
2019-11-14 08:31:43,483 INFO 4192 [egg-schedule]: register schedule C:\Users\Administrator\Desktop\Shopping Mall\server\node_modules\egg-logrotator\app\schedule\rotate_by_file.js
2019-11-14 08:31:44,357 INFO 532 [Timer] C:\Users\Administrator\Desktop\Shopping Mall\server\node_modules\egg-multipart\app\schedule\clean_tmpdir.js next time will execute after 71895645ms at 2019-11-15 04:30:00.002
2019-11-14 08:31:44,357 INFO 532 [Timer] C:\Users\Administrator\Desktop\Shopping Mall\server\node_modules\egg-logrotator\app\schedule\clean_log.js next time will execute after 55695643ms at 2019-11-15 00:00:00.000
2019-11-14 08:31:44,358 INFO 532 [Timer] C:\Users\Administrator\Desktop\Shopping Mall\server\node_modules\egg-logrotator\app\schedule\rotate_by_file.js next time will execute after 55696643ms at 2019-11-15 00:00:01.001
2019-11-15 08:33:58,970 INFO 4900 [egg-schedule]: register schedule C:\Users\Administrator\Desktop\Shopping Mall\server\node_modules\egg-multipart\app\schedule\clean_tmpdir.js
2019-11-15 08:33:58,970 INFO 4900 [egg-schedule]: register schedule C:\Users\Administrator\Desktop\Shopping Mall\server\node_modules\egg-logrotator\app\schedule\clean_log.js
2019-11-15 08:33:58,970 INFO 4900 [egg-schedule]: register schedule C:\Users\Administrator\Desktop\Shopping Mall\server\node_modules\egg-logrotator\app\schedule\rotate_by_file.js
2019-11-15 08:34:09,461 INFO 4380 [Timer] C:\Users\Administrator\Desktop\Shopping Mall\server\node_modules\egg-multipart\app\schedule\clean_tmpdir.js next time will execute after 71750542ms at 2019-11-16 04:30:00.003
2019-11-15 08:34:09,461 INFO 4380 [Timer] C:\Users\Administrator\Desktop\Shopping Mall\server\node_modules\egg-logrotator\app\schedule\clean_log.js next time will execute after 55550539ms at 2019-11-16 00:00:00.000
2019-11-15 08:34:09,462 INFO 4380 [Timer] C:\Users\Administrator\Desktop\Shopping Mall\server\node_modules\egg-logrotator\app\schedule\rotate_by_file.js next time will execute after 55551539ms at 2019-11-16 00:00:01.001
2019-11-16 08:30:10,120 INFO 4884 [egg-schedule]: register schedule C:\Users\Administrator\Desktop\Shopping Mall\server\node_modules\egg-multipart\app\schedule\clean_tmpdir.js
2019-11-16 08:30:10,120 INFO 4884 [egg-schedule]: register schedule C:\Users\Administrator\Desktop\Shopping Mall\server\node_modules\egg-logrotator\app\schedule\clean_log.js
2019-11-16 08:30:10,120 INFO 4884 [egg-schedule]: register schedule C:\Users\Administrator\Desktop\Shopping Mall\server\node_modules\egg-logrotator\app\schedule\rotate_by_file.js
2019-11-16 08:30:20,199 INFO 2312 [Timer] C:\Users\Administrator\Desktop\Shopping Mall\server\node_modules\egg-multipart\app\schedule\clean_tmpdir.js next time will execute after 71979804ms at 2019-11-17 04:30:00.003
2019-11-16 08:30:20,200 INFO 2312 [Timer] C:\Users\Administrator\Desktop\Shopping Mall\server\node_modules\egg-logrotator\app\schedule\clean_log.js next time will execute after 55779800ms at 2019-11-17 00:00:00.000
2019-11-16 08:30:20,200 INFO 2312 [Timer] C:\Users\Administrator\Desktop\Shopping Mall\server\node_modules\egg-logrotator\app\schedule\rotate_by_file.js next time will execute after 55780800ms at 2019-11-17 00:00:01.000
