2019-04-26 21:53:24,588 INFO 12066 [egg:logger] init all loggers with options: {"dir":"/Users/lp1/Downloads/Vue-shopping-master/egg/logs/server","encoding":"utf8","env":"local","level":"INFO","consoleLevel":"INFO","disableConsoleAfterReady":false,"outputJSON":false,"buffer":true,"appLogName":"server-web.log","coreLogName":"egg-web.log","agentLogName":"egg-agent.log","errorLogName":"common-error.log","coreLogger":{"consoleLevel":"WARN"},"allowDebugAtProd":false,"type":"application"}
2019-04-26 21:53:24,620 INFO 12066 [egg-multipart] stream mode enable
2019-04-26 21:53:24,844 INFO 12066 [egg-mongoose] connecting mongodb://127.0.0.1/shoppingMall
2019-04-26 21:53:25,038 INFO 12066 [egg-static] starting static serve /public/ -> /Users/lp1/Downloads/Vue-shopping-master/egg/app/public
2019-04-26 21:53:25,040 INFO 12066 [egg-security] use methodnoallow middleware
2019-04-26 21:53:25,040 INFO 12066 [egg-security] use noopen middleware
2019-04-26 21:53:25,041 INFO 12066 [egg-security] use nosniff middleware
2019-04-26 21:53:25,041 INFO 12066 [egg-security] use xssProtection middleware
2019-04-26 21:53:25,041 INFO 12066 [egg-security] use xframe middleware
2019-04-26 21:53:25,042 INFO 12066 [egg-security] use dta middleware
2019-04-26 21:53:25,042 INFO 12066 [egg-security] compose 6 middlewares into one security middleware
2019-04-26 21:53:25,054 INFO 12066 [egg:core] dump config after load, 4ms
2019-04-26 21:53:25,056 INFO 12066 [egg-mongoose] starting...
2019-04-26 21:53:25,103 INFO 12066 [egg-watcher:application] watcher start success
2019-04-26 21:53:25,106 INFO 12066 [egg-mongoose] mongodb://127.0.0.1/shoppingMall connected successfully
2019-04-26 21:53:25,113 INFO 12066 [egg-mongoose] instance[0] start successfully
2019-04-26 21:53:25,122 INFO 12066 [egg:core] dump config after ready, 7ms
2019-04-27 08:36:27,825 INFO 6732 [egg:logger] init all loggers with options: {"dir":"C:\\Users\\Administrator\\Desktop\\shop\\server\\logs\\server","encoding":"utf8","env":"local","level":"INFO","consoleLevel":"INFO","disableConsoleAfterReady":false,"outputJSON":false,"buffer":true,"appLogName":"server-web.log","coreLogName":"egg-web.log","agentLogName":"egg-agent.log","errorLogName":"common-error.log","coreLogger":{"consoleLevel":"WARN"},"allowDebugAtProd":false,"type":"application"}
2019-04-27 08:36:27,870 INFO 6732 [egg-multipart] stream mode enable
2019-04-27 08:36:28,159 INFO 6732 [egg-mongoose] connecting mongodb://127.0.0.1/shoppingMall
2019-04-27 08:36:28,444 INFO 6732 [egg-static] starting static serve /public/ -> C:\Users\Administrator\Desktop\shop\server\app\public
2019-04-27 08:36:28,447 INFO 6732 [egg-security] use methodnoallow middleware
2019-04-27 08:36:28,448 INFO 6732 [egg-security] use noopen middleware
2019-04-27 08:36:28,449 INFO 6732 [egg-security] use nosniff middleware
2019-04-27 08:36:28,449 INFO 6732 [egg-security] use xssProtection middleware
2019-04-27 08:36:28,451 INFO 6732 [egg-security] use xframe middleware
2019-04-27 08:36:28,452 INFO 6732 [egg-security] use dta middleware
2019-04-27 08:36:28,452 INFO 6732 [egg-security] compose 6 middlewares into one security middleware
2019-04-27 08:36:28,472 INFO 6732 [egg:core] dump config after load, 5ms
2019-04-27 08:36:28,475 INFO 6732 [egg-mongoose] starting...
2019-04-27 08:36:28,514 INFO 6732 [egg-mongoose] mongodb://127.0.0.1/shoppingMall connected successfully
2019-04-27 08:36:28,522 INFO 6732 [egg-mongoose] instance[0] start successfully
2019-04-27 08:36:28,524 INFO 6732 [egg-watcher:application] watcher start success
2019-04-27 08:36:28,531 INFO 6732 [egg:core] dump config after ready, 6ms
2019-04-27 10:25:49,253 INFO 3124 [egg:logger] init all loggers with options: {"dir":"C:\\Users\\Administrator\\Desktop\\shop\\server\\logs\\server","encoding":"utf8","env":"local","level":"INFO","consoleLevel":"INFO","disableConsoleAfterReady":false,"outputJSON":false,"buffer":true,"appLogName":"server-web.log","coreLogName":"egg-web.log","agentLogName":"egg-agent.log","errorLogName":"common-error.log","coreLogger":{"consoleLevel":"WARN"},"allowDebugAtProd":false,"type":"application"}
2019-04-27 10:25:49,290 INFO 3124 [egg-multipart] stream mode enable
2019-04-27 10:25:49,771 INFO 3124 [egg-mongoose] connecting mongodb://127.0.0.1/shoppingMall
2019-04-27 10:25:50,103 INFO 3124 [egg-static] starting static serve /public/ -> C:\Users\Administrator\Desktop\shop\server\app\public
2019-04-27 10:25:50,106 INFO 3124 [egg-security] use methodnoallow middleware
2019-04-27 10:25:50,106 INFO 3124 [egg-security] use noopen middleware
2019-04-27 10:25:50,107 INFO 3124 [egg-security] use nosniff middleware
2019-04-27 10:25:50,108 INFO 3124 [egg-security] use xssProtection middleware
2019-04-27 10:25:50,109 INFO 3124 [egg-security] use xframe middleware
2019-04-27 10:25:50,110 INFO 3124 [egg-security] use dta middleware
2019-04-27 10:25:50,110 INFO 3124 [egg-security] compose 6 middlewares into one security middleware
2019-04-27 10:25:50,132 INFO 3124 [egg:core] dump config after load, 8ms
2019-04-27 10:25:50,136 INFO 3124 [egg-mongoose] starting...
2019-04-27 10:25:50,176 INFO 3124 [egg-mongoose] mongodb://127.0.0.1/shoppingMall connected successfully
2019-04-27 10:25:50,183 INFO 3124 [egg-mongoose] instance[0] start successfully
2019-04-27 10:25:50,188 INFO 3124 [egg-watcher:application] watcher start success
2019-04-27 10:25:50,198 INFO 3124 [egg:core] dump config after ready, 8ms
2019-04-30 13:56:42,538 INFO 7004 [egg:logger] init all loggers with options: {"dir":"C:\\Users\\Administrator\\Desktop\\shop\\server\\logs\\server","encoding":"utf8","env":"local","level":"INFO","consoleLevel":"INFO","disableConsoleAfterReady":false,"outputJSON":false,"buffer":true,"appLogName":"server-web.log","coreLogName":"egg-web.log","agentLogName":"egg-agent.log","errorLogName":"common-error.log","coreLogger":{"consoleLevel":"WARN"},"allowDebugAtProd":false,"type":"application"}
2019-04-30 13:56:42,574 INFO 7004 [egg-multipart] stream mode enable
2019-04-30 13:56:42,879 INFO 7004 [egg-mongoose] connecting mongodb://127.0.0.1/shoppingMall
2019-04-30 13:56:43,116 INFO 7004 [egg-static] starting static serve /public/ -> C:\Users\Administrator\Desktop\shop\server\app\public
2019-04-30 13:56:43,119 INFO 7004 [egg-security] use methodnoallow middleware
2019-04-30 13:56:43,119 INFO 7004 [egg-security] use noopen middleware
2019-04-30 13:56:43,120 INFO 7004 [egg-security] use nosniff middleware
2019-04-30 13:56:43,121 INFO 7004 [egg-security] use xssProtection middleware
2019-04-30 13:56:43,121 INFO 7004 [egg-security] use xframe middleware
2019-04-30 13:56:43,121 INFO 7004 [egg-security] use dta middleware
2019-04-30 13:56:43,121 INFO 7004 [egg-security] compose 6 middlewares into one security middleware
2019-04-30 13:56:43,339 INFO 7004 [egg:core] dump config after load, 25ms
2019-04-30 13:56:43,347 INFO 7004 [egg-mongoose] starting...
2019-04-30 13:56:43,402 INFO 7004 [egg-watcher:application] watcher start success
2019-04-30 13:56:43,517 INFO 7004 [egg-mongoose] mongodb://127.0.0.1/shoppingMall connected successfully
2019-04-30 13:56:43,538 INFO 7004 [egg-mongoose] instance[0] start successfully
2019-04-30 13:56:43,555 INFO 7004 [egg:core] dump config after ready, 12ms
2019-04-30 14:03:27,941 INFO 1108 [egg:logger] init all loggers with options: {"dir":"C:\\Users\\Administrator\\Desktop\\shop\\server\\logs\\server","encoding":"utf8","env":"local","level":"INFO","consoleLevel":"INFO","disableConsoleAfterReady":false,"outputJSON":false,"buffer":true,"appLogName":"server-web.log","coreLogName":"egg-web.log","agentLogName":"egg-agent.log","errorLogName":"common-error.log","coreLogger":{"consoleLevel":"WARN"},"allowDebugAtProd":false,"type":"application"}
2019-04-30 14:03:27,982 INFO 1108 [egg-multipart] stream mode enable
2019-04-30 14:03:28,494 INFO 1108 [egg-mongoose] connecting mongodb://127.0.0.1/shoppingMall
2019-04-30 14:03:28,868 INFO 1108 [egg-static] starting static serve /public/ -> C:\Users\Administrator\Desktop\shop\server\app\public
2019-04-30 14:03:28,871 INFO 1108 [egg-security] use methodnoallow middleware
2019-04-30 14:03:28,872 INFO 1108 [egg-security] use noopen middleware
2019-04-30 14:03:28,873 INFO 1108 [egg-security] use nosniff middleware
2019-04-30 14:03:28,874 INFO 1108 [egg-security] use xssProtection middleware
2019-04-30 14:03:28,875 INFO 1108 [egg-security] use xframe middleware
2019-04-30 14:03:28,875 INFO 1108 [egg-security] use dta middleware
2019-04-30 14:03:28,875 INFO 1108 [egg-security] compose 6 middlewares into one security middleware
2019-04-30 14:03:28,898 INFO 1108 [egg:core] dump config after load, 5ms
2019-04-30 14:03:28,901 INFO 1108 [egg-mongoose] starting...
2019-04-30 14:03:28,938 INFO 1108 [egg-mongoose] mongodb://127.0.0.1/shoppingMall connected successfully
2019-04-30 14:03:28,945 INFO 1108 [egg-mongoose] instance[0] start successfully
2019-04-30 14:03:28,948 INFO 1108 [egg-watcher:application] watcher start success
2019-04-30 14:03:28,958 INFO 1108 [egg:core] dump config after ready, 7ms
2019-04-30 15:00:05,761 INFO 6380 [egg:logger] init all loggers with options: {"dir":"C:\\Users\\Administrator\\Desktop\\shop\\server\\logs\\server","encoding":"utf8","env":"local","level":"INFO","consoleLevel":"INFO","disableConsoleAfterReady":false,"outputJSON":false,"buffer":true,"appLogName":"server-web.log","coreLogName":"egg-web.log","agentLogName":"egg-agent.log","errorLogName":"common-error.log","coreLogger":{"consoleLevel":"WARN"},"allowDebugAtProd":false,"type":"application"}
2019-04-30 15:00:05,801 INFO 6380 [egg-multipart] stream mode enable
2019-04-30 15:00:06,250 INFO 6380 [egg-mongoose] connecting mongodb://127.0.0.1/shoppingMall
2019-04-30 15:00:06,600 INFO 6380 [egg-static] starting static serve /public/ -> C:\Users\Administrator\Desktop\shop\server\app\public
2019-04-30 15:00:06,603 INFO 6380 [egg-security] use methodnoallow middleware
2019-04-30 15:00:06,603 INFO 6380 [egg-security] use noopen middleware
2019-04-30 15:00:06,604 INFO 6380 [egg-security] use nosniff middleware
2019-04-30 15:00:06,605 INFO 6380 [egg-security] use xssProtection middleware
2019-04-30 15:00:06,605 INFO 6380 [egg-security] use xframe middleware
2019-04-30 15:00:06,606 INFO 6380 [egg-security] use dta middleware
2019-04-30 15:00:06,606 INFO 6380 [egg-security] compose 6 middlewares into one security middleware
2019-04-30 15:00:06,632 INFO 6380 [egg:core] dump config after load, 6ms
2019-04-30 15:00:06,635 INFO 6380 [egg-mongoose] starting...
2019-04-30 15:00:06,674 INFO 6380 [egg-mongoose] mongodb://127.0.0.1/shoppingMall connected successfully
2019-04-30 15:00:06,681 INFO 6380 [egg-mongoose] instance[0] start successfully
2019-04-30 15:00:06,686 INFO 6380 [egg-watcher:application] watcher start success
2019-04-30 15:00:06,693 INFO 6380 [egg:core] dump config after ready, 5ms
2019-04-30 15:01:10,396 INFO 6940 [egg:logger] init all loggers with options: {"dir":"C:\\Users\\Administrator\\Desktop\\shop\\server\\logs\\server","encoding":"utf8","env":"local","level":"INFO","consoleLevel":"INFO","disableConsoleAfterReady":false,"outputJSON":false,"buffer":true,"appLogName":"server-web.log","coreLogName":"egg-web.log","agentLogName":"egg-agent.log","errorLogName":"common-error.log","coreLogger":{"consoleLevel":"WARN"},"allowDebugAtProd":false,"type":"application"}
2019-04-30 15:01:10,434 INFO 6940 [egg-multipart] stream mode enable
2019-04-30 15:01:10,738 INFO 6940 [egg-mongoose] connecting mongodb://127.0.0.1/shoppingMall
2019-04-30 15:01:11,030 INFO 6940 [egg-static] starting static serve /public/ -> C:\Users\Administrator\Desktop\shop\server\app\public
2019-04-30 15:01:11,033 INFO 6940 [egg-security] use methodnoallow middleware
2019-04-30 15:01:11,034 INFO 6940 [egg-security] use noopen middleware
2019-04-30 15:01:11,035 INFO 6940 [egg-security] use nosniff middleware
2019-04-30 15:01:11,036 INFO 6940 [egg-security] use xssProtection middleware
2019-04-30 15:01:11,036 INFO 6940 [egg-security] use xframe middleware
2019-04-30 15:01:11,037 INFO 6940 [egg-security] use dta middleware
2019-04-30 15:01:11,037 INFO 6940 [egg-security] compose 6 middlewares into one security middleware
2019-04-30 15:01:11,070 INFO 6940 [egg:core] dump config after load, 8ms
2019-04-30 15:01:11,073 INFO 6940 [egg-mongoose] starting...
2019-04-30 15:01:11,119 INFO 6940 [egg-mongoose] mongodb://127.0.0.1/shoppingMall connected successfully
2019-04-30 15:01:11,127 INFO 6940 [egg-mongoose] instance[0] start successfully
2019-04-30 15:01:11,132 INFO 6940 [egg-watcher:application] watcher start success
2019-04-30 15:01:11,141 INFO 6940 [egg:core] dump config after ready, 7ms
2019-04-30 15:10:23,263 INFO 1588 [egg:logger] init all loggers with options: {"dir":"C:\\Users\\Administrator\\Desktop\\shop\\server\\logs\\server","encoding":"utf8","env":"local","level":"INFO","consoleLevel":"INFO","disableConsoleAfterReady":false,"outputJSON":false,"buffer":true,"appLogName":"server-web.log","coreLogName":"egg-web.log","agentLogName":"egg-agent.log","errorLogName":"common-error.log","coreLogger":{"consoleLevel":"WARN"},"allowDebugAtProd":false,"type":"application"}
2019-04-30 15:10:23,301 INFO 1588 [egg-multipart] stream mode enable
2019-04-30 15:10:23,661 INFO 1588 [egg-mongoose] connecting mongodb://127.0.0.1/shoppingMall
2019-04-30 15:10:23,886 INFO 1588 [egg-static] starting static serve /public/ -> C:\Users\Administrator\Desktop\shop\server\app\public
2019-04-30 15:10:23,888 INFO 1588 [egg-security] use methodnoallow middleware
2019-04-30 15:10:23,889 INFO 1588 [egg-security] use noopen middleware
2019-04-30 15:10:23,890 INFO 1588 [egg-security] use nosniff middleware
2019-04-30 15:10:23,890 INFO 1588 [egg-security] use xssProtection middleware
2019-04-30 15:10:23,891 INFO 1588 [egg-security] use xframe middleware
2019-04-30 15:10:23,891 INFO 1588 [egg-security] use dta middleware
2019-04-30 15:10:23,891 INFO 1588 [egg-security] compose 6 middlewares into one security middleware
2019-04-30 15:10:23,915 INFO 1588 [egg:core] dump config after load, 6ms
2019-04-30 15:10:23,918 INFO 1588 [egg-mongoose] starting...
2019-04-30 15:10:23,966 INFO 1588 [egg-mongoose] mongodb://127.0.0.1/shoppingMall connected successfully
2019-04-30 15:10:23,973 INFO 1588 [egg-mongoose] instance[0] start successfully
2019-04-30 15:10:23,975 INFO 1588 [egg-watcher:application] watcher start success
2019-04-30 15:10:23,985 INFO 1588 [egg:core] dump config after ready, 6ms
2019-04-30 16:00:34,873 INFO 2516 [egg:logger] init all loggers with options: {"dir":"C:\\Users\\Administrator\\Desktop\\shop\\server\\logs\\server","encoding":"utf8","env":"local","level":"INFO","consoleLevel":"INFO","disableConsoleAfterReady":false,"outputJSON":false,"buffer":true,"appLogName":"server-web.log","coreLogName":"egg-web.log","agentLogName":"egg-agent.log","errorLogName":"common-error.log","coreLogger":{"consoleLevel":"WARN"},"allowDebugAtProd":false,"type":"application"}
2019-04-30 16:00:34,907 INFO 2516 [egg-multipart] stream mode enable
2019-04-30 16:00:35,337 INFO 2516 [egg-mongoose] connecting mongodb://127.0.0.1/shoppingMall
2019-04-30 16:00:35,694 INFO 2516 [egg-static] starting static serve /public/ -> C:\Users\Administrator\Desktop\shop\server\app\public
2019-04-30 16:00:35,696 INFO 2516 [egg-security] use methodnoallow middleware
2019-04-30 16:00:35,697 INFO 2516 [egg-security] use noopen middleware
2019-04-30 16:00:35,698 INFO 2516 [egg-security] use nosniff middleware
2019-04-30 16:00:35,699 INFO 2516 [egg-security] use xssProtection middleware
2019-04-30 16:00:35,699 INFO 2516 [egg-security] use xframe middleware
2019-04-30 16:00:35,700 INFO 2516 [egg-security] use dta middleware
2019-04-30 16:00:35,700 INFO 2516 [egg-security] compose 6 middlewares into one security middleware
2019-04-30 16:00:35,724 INFO 2516 [egg:core] dump config after load, 6ms
2019-04-30 16:00:35,728 INFO 2516 [egg-mongoose] starting...
2019-04-30 16:00:35,778 INFO 2516 [egg-mongoose] mongodb://127.0.0.1/shoppingMall connected successfully
2019-04-30 16:00:35,785 INFO 2516 [egg-mongoose] instance[0] start successfully
2019-04-30 16:00:35,787 INFO 2516 [egg-watcher:application] watcher start success
2019-04-30 16:00:35,797 INFO 2516 [egg:core] dump config after ready, 7ms
2019-04-30 16:27:58,964 INFO 1652 [egg:logger] init all loggers with options: {"dir":"C:\\Users\\Administrator\\Desktop\\shop\\server\\logs\\server","encoding":"utf8","env":"local","level":"INFO","consoleLevel":"INFO","disableConsoleAfterReady":false,"outputJSON":false,"buffer":true,"appLogName":"server-web.log","coreLogName":"egg-web.log","agentLogName":"egg-agent.log","errorLogName":"common-error.log","coreLogger":{"consoleLevel":"WARN"},"allowDebugAtProd":false,"type":"application"}
2019-04-30 16:27:59,004 INFO 1652 [egg-multipart] stream mode enable
2019-04-30 16:27:59,447 INFO 1652 [egg-mongoose] connecting mongodb://127.0.0.1/shoppingMall
2019-04-30 16:27:59,766 INFO 1652 [egg-static] starting static serve /public/ -> C:\Users\Administrator\Desktop\shop\server\app\public
2019-04-30 16:27:59,768 INFO 1652 [egg-security] use methodnoallow middleware
2019-04-30 16:27:59,769 INFO 1652 [egg-security] use noopen middleware
2019-04-30 16:27:59,770 INFO 1652 [egg-security] use nosniff middleware
2019-04-30 16:27:59,770 INFO 1652 [egg-security] use xssProtection middleware
2019-04-30 16:27:59,771 INFO 1652 [egg-security] use xframe middleware
2019-04-30 16:27:59,771 INFO 1652 [egg-security] use dta middleware
2019-04-30 16:27:59,771 INFO 1652 [egg-security] compose 6 middlewares into one security middleware
2019-04-30 16:27:59,791 INFO 1652 [egg:core] dump config after load, 7ms
2019-04-30 16:27:59,795 INFO 1652 [egg-mongoose] starting...
2019-04-30 16:27:59,855 INFO 1652 [egg-mongoose] mongodb://127.0.0.1/shoppingMall connected successfully
2019-04-30 16:27:59,867 INFO 1652 [egg-mongoose] instance[0] start successfully
2019-04-30 16:27:59,872 INFO 1652 [egg-watcher:application] watcher start success
2019-04-30 16:27:59,891 INFO 1652 [egg:core] dump config after ready, 17ms
2019-05-08 11:13:01,282 INFO 7920 [egg:logger] init all loggers with options: {"dir":"C:\\Users\\Administrator\\Desktop\\shop\\server\\logs\\server","encoding":"utf8","env":"local","level":"INFO","consoleLevel":"INFO","disableConsoleAfterReady":false,"outputJSON":false,"buffer":true,"appLogName":"server-web.log","coreLogName":"egg-web.log","agentLogName":"egg-agent.log","errorLogName":"common-error.log","coreLogger":{"consoleLevel":"WARN"},"allowDebugAtProd":false,"type":"application"}
2019-05-08 11:13:01,317 INFO 7920 [egg-multipart] stream mode enable
2019-05-08 11:13:01,786 INFO 7920 [egg-mongoose] connecting mongodb://127.0.0.1/shoppingMall
2019-05-08 11:13:02,170 INFO 7920 [egg-static] starting static serve /public/ -> C:\Users\Administrator\Desktop\shop\server\app\public
2019-05-08 11:13:02,173 INFO 7920 [egg-security] use methodnoallow middleware
2019-05-08 11:13:02,174 INFO 7920 [egg-security] use noopen middleware
2019-05-08 11:13:02,175 INFO 7920 [egg-security] use nosniff middleware
2019-05-08 11:13:02,176 INFO 7920 [egg-security] use xssProtection middleware
2019-05-08 11:13:02,176 INFO 7920 [egg-security] use xframe middleware
2019-05-08 11:13:02,177 INFO 7920 [egg-security] use dta middleware
2019-05-08 11:13:02,177 INFO 7920 [egg-security] compose 6 middlewares into one security middleware
2019-05-08 11:13:02,203 INFO 7920 [egg:core] dump config after load, 7ms
2019-05-08 11:13:02,205 INFO 7920 [egg-mongoose] starting...
2019-05-08 11:13:02,244 INFO 7920 [egg-mongoose] mongodb://127.0.0.1/shoppingMall connected successfully
2019-05-08 11:13:02,251 INFO 7920 [egg-mongoose] instance[0] start successfully
2019-05-08 11:13:02,253 INFO 7920 [egg-watcher:application] watcher start success
2019-05-08 11:13:02,265 INFO 7920 [egg:core] dump config after ready, 9ms
2019-05-08 16:19:35,343 INFO 6608 [egg:logger] init all loggers with options: {"dir":"C:\\Users\\Administrator\\Desktop\\shop\\server\\logs\\server","encoding":"utf8","env":"local","level":"INFO","consoleLevel":"INFO","disableConsoleAfterReady":false,"outputJSON":false,"buffer":true,"appLogName":"server-web.log","coreLogName":"egg-web.log","agentLogName":"egg-agent.log","errorLogName":"common-error.log","coreLogger":{"consoleLevel":"WARN"},"allowDebugAtProd":false,"type":"application"}
2019-05-08 16:19:35,395 INFO 6608 [egg-multipart] stream mode enable
2019-05-08 16:19:36,206 INFO 6608 [egg-mongoose] connecting mongodb://127.0.0.1/shoppingMall
2019-05-08 16:19:36,761 INFO 6608 [egg-static] starting static serve /public/ -> C:\Users\Administrator\Desktop\shop\server\app\public
2019-05-08 16:19:36,765 INFO 6608 [egg-security] use methodnoallow middleware
2019-05-08 16:19:36,765 INFO 6608 [egg-security] use noopen middleware
2019-05-08 16:19:36,767 INFO 6608 [egg-security] use nosniff middleware
2019-05-08 16:19:36,767 INFO 6608 [egg-security] use xssProtection middleware
2019-05-08 16:19:36,768 INFO 6608 [egg-security] use xframe middleware
2019-05-08 16:19:36,769 INFO 6608 [egg-security] use dta middleware
2019-05-08 16:19:36,769 INFO 6608 [egg-security] compose 6 middlewares into one security middleware
2019-05-08 16:19:36,812 INFO 6608 [egg:core] dump config after load, 17ms
2019-05-08 16:19:36,816 INFO 6608 [egg-mongoose] starting...
2019-05-08 16:19:36,882 INFO 6608 [egg-mongoose] mongodb://127.0.0.1/shoppingMall connected successfully
2019-05-08 16:19:36,894 INFO 6608 [egg-mongoose] instance[0] start successfully
2019-05-08 16:19:36,897 INFO 6608 [egg-watcher:application] watcher start success
2019-05-08 16:19:36,916 INFO 6608 [egg:core] dump config after ready, 14ms
2019-05-10 08:53:01,754 INFO 3636 [egg:logger] init all loggers with options: {"dir":"C:\\Users\\Administrator\\Desktop\\shop\\server\\logs\\server","encoding":"utf8","env":"local","level":"INFO","consoleLevel":"INFO","disableConsoleAfterReady":false,"outputJSON":false,"buffer":true,"appLogName":"server-web.log","coreLogName":"egg-web.log","agentLogName":"egg-agent.log","errorLogName":"common-error.log","coreLogger":{"consoleLevel":"WARN"},"allowDebugAtProd":false,"type":"application"}
2019-05-10 08:53:01,791 INFO 3636 [egg-multipart] stream mode enable
2019-05-10 08:53:02,221 INFO 3636 [egg-mongoose] connecting mongodb://127.0.0.1/shoppingMall
2019-05-10 08:53:02,558 INFO 3636 [egg-static] starting static serve /public/ -> C:\Users\Administrator\Desktop\shop\server\app\public
2019-05-10 08:53:02,566 INFO 3636 [egg-security] use methodnoallow middleware
2019-05-10 08:53:02,567 INFO 3636 [egg-security] use noopen middleware
2019-05-10 08:53:02,568 INFO 3636 [egg-security] use nosniff middleware
2019-05-10 08:53:02,569 INFO 3636 [egg-security] use xssProtection middleware
2019-05-10 08:53:02,569 INFO 3636 [egg-security] use xframe middleware
2019-05-10 08:53:02,570 INFO 3636 [egg-security] use dta middleware
2019-05-10 08:53:02,570 INFO 3636 [egg-security] compose 6 middlewares into one security middleware
2019-05-10 08:53:02,592 INFO 3636 [egg:core] dump config after load, 5ms
2019-05-10 08:53:02,596 INFO 3636 [egg-mongoose] starting...
2019-05-10 08:53:02,634 INFO 3636 [egg-watcher:application] watcher start success
2019-05-10 08:53:02,638 INFO 3636 [egg-mongoose] mongodb://127.0.0.1/shoppingMall connected successfully
2019-05-10 08:53:02,645 INFO 3636 [egg-mongoose] instance[0] start successfully
2019-05-10 08:53:02,651 INFO 3636 [egg:core] dump config after ready, 5ms
2019-05-10 08:53:17,447 INFO 7048 [egg:logger] init all loggers with options: {"dir":"C:\\Users\\Administrator\\Desktop\\shop\\server\\logs\\server","encoding":"utf8","env":"local","level":"INFO","consoleLevel":"INFO","disableConsoleAfterReady":false,"outputJSON":false,"buffer":true,"appLogName":"server-web.log","coreLogName":"egg-web.log","agentLogName":"egg-agent.log","errorLogName":"common-error.log","coreLogger":{"consoleLevel":"WARN"},"allowDebugAtProd":false,"type":"application"}
2019-05-10 08:53:17,484 INFO 7048 [egg-multipart] stream mode enable
2019-05-10 08:53:17,774 INFO 7048 [egg-mongoose] connecting mongodb://127.0.0.1/shoppingMall
2019-05-10 08:53:18,005 INFO 7048 [egg-static] starting static serve /public/ -> C:\Users\Administrator\Desktop\shop\server\app\public
2019-05-10 08:53:18,008 INFO 7048 [egg-security] use methodnoallow middleware
2019-05-10 08:53:18,008 INFO 7048 [egg-security] use noopen middleware
2019-05-10 08:53:18,009 INFO 7048 [egg-security] use nosniff middleware
2019-05-10 08:53:18,009 INFO 7048 [egg-security] use xssProtection middleware
2019-05-10 08:53:18,010 INFO 7048 [egg-security] use xframe middleware
2019-05-10 08:53:18,010 INFO 7048 [egg-security] use dta middleware
2019-05-10 08:53:18,010 INFO 7048 [egg-security] compose 6 middlewares into one security middleware
2019-05-10 08:53:18,028 INFO 7048 [egg:core] dump config after load, 6ms
2019-05-10 08:53:18,030 INFO 7048 [egg-mongoose] starting...
2019-05-10 08:53:18,066 INFO 7048 [egg-mongoose] mongodb://127.0.0.1/shoppingMall connected successfully
2019-05-10 08:53:18,073 INFO 7048 [egg-mongoose] instance[0] start successfully
2019-05-10 08:53:18,075 INFO 7048 [egg-watcher:application] watcher start success
2019-05-10 08:53:18,087 INFO 7048 [egg:core] dump config after ready, 6ms
2019-07-01 09:48:43,781 INFO 404 [egg:logger] init all loggers with options: {"dir":"C:\\Users\\Administrator\\Desktop\\vue商城项目\\server\\logs\\server","encoding":"utf8","env":"local","level":"INFO","consoleLevel":"INFO","disableConsoleAfterReady":false,"outputJSON":false,"buffer":true,"appLogName":"server-web.log","coreLogName":"egg-web.log","agentLogName":"egg-agent.log","errorLogName":"common-error.log","coreLogger":{"consoleLevel":"WARN"},"allowDebugAtProd":false,"type":"application"}
2019-07-01 09:48:43,808 INFO 404 [egg-multipart] stream mode enable
2019-07-01 09:48:44,102 INFO 404 [egg-mongoose] connecting mongodb://127.0.0.1/shoppingMall
2019-07-01 09:48:44,329 INFO 404 [egg-static] starting static serve /public/ -> C:\Users\Administrator\Desktop\vue商城项目\server\app\public
2019-07-01 09:48:44,332 INFO 404 [egg-security] use methodnoallow middleware
2019-07-01 09:48:44,333 INFO 404 [egg-security] use noopen middleware
2019-07-01 09:48:44,333 INFO 404 [egg-security] use nosniff middleware
2019-07-01 09:48:44,334 INFO 404 [egg-security] use xssProtection middleware
2019-07-01 09:48:44,335 INFO 404 [egg-security] use xframe middleware
2019-07-01 09:48:44,335 INFO 404 [egg-security] use dta middleware
2019-07-01 09:48:44,335 INFO 404 [egg-security] compose 6 middlewares into one security middleware
2019-07-01 09:48:44,360 INFO 404 [egg:core] dump config after load, 9ms
2019-07-01 09:48:44,363 INFO 404 [egg-mongoose] starting...
2019-07-01 09:48:44,412 INFO 404 [egg-mongoose] mongodb://127.0.0.1/shoppingMall connected successfully
2019-07-01 09:48:44,420 INFO 404 [egg-mongoose] instance[0] start successfully
2019-07-01 09:48:44,423 INFO 404 [egg-watcher:application] watcher start success
2019-07-01 09:48:44,436 INFO 404 [egg:core] dump config after ready, 11ms
2019-07-03 14:42:37,659 INFO 9404 [egg:logger] init all loggers with options: {"dir":"C:\\Users\\Administrator\\Desktop\\vue商城项目\\server\\logs\\server","encoding":"utf8","env":"local","level":"INFO","consoleLevel":"INFO","disableConsoleAfterReady":false,"outputJSON":false,"buffer":true,"appLogName":"server-web.log","coreLogName":"egg-web.log","agentLogName":"egg-agent.log","errorLogName":"common-error.log","coreLogger":{"consoleLevel":"WARN"},"allowDebugAtProd":false,"type":"application"}
2019-07-03 14:42:37,688 INFO 9404 [egg-multipart] stream mode enable
2019-07-03 14:42:38,256 INFO 9404 [egg-mongoose] connecting mongodb://127.0.0.1/shoppingMall
2019-07-03 14:42:38,818 INFO 9404 [egg-static] starting static serve /public/ -> C:\Users\Administrator\Desktop\vue商城项目\server\app\public
2019-07-03 14:42:38,824 INFO 9404 [egg-security] use methodnoallow middleware
2019-07-03 14:42:38,826 INFO 9404 [egg-security] use noopen middleware
2019-07-03 14:42:38,827 INFO 9404 [egg-security] use nosniff middleware
2019-07-03 14:42:38,829 INFO 9404 [egg-security] use xssProtection middleware
2019-07-03 14:42:38,829 INFO 9404 [egg-security] use xframe middleware
2019-07-03 14:42:38,831 INFO 9404 [egg-security] use dta middleware
2019-07-03 14:42:38,831 INFO 9404 [egg-security] compose 6 middlewares into one security middleware
2019-07-03 14:42:38,873 INFO 9404 [egg:core] dump config after load, 11ms
2019-07-03 14:42:38,882 INFO 9404 [egg-mongoose] starting...
2019-07-03 14:42:38,939 INFO 9404 [egg-mongoose] mongodb://127.0.0.1/shoppingMall connected successfully
2019-07-03 14:42:38,946 INFO 9404 [egg-mongoose] instance[0] start successfully
2019-07-03 14:42:38,949 INFO 9404 [egg-watcher:application] watcher start success
2019-07-03 14:42:38,962 INFO 9404 [egg:core] dump config after ready, 8ms
2019-07-03 15:24:23,550 INFO 10252 [egg:logger] init all loggers with options: {"dir":"C:\\Users\\Administrator\\Desktop\\vue商城项目\\server\\logs\\server","encoding":"utf8","env":"local","level":"INFO","consoleLevel":"INFO","disableConsoleAfterReady":false,"outputJSON":false,"buffer":true,"appLogName":"server-web.log","coreLogName":"egg-web.log","agentLogName":"egg-agent.log","errorLogName":"common-error.log","coreLogger":{"consoleLevel":"WARN"},"allowDebugAtProd":false,"type":"application"}
2019-07-03 15:24:23,579 INFO 10252 [egg-multipart] stream mode enable
2019-07-03 15:24:24,217 INFO 10252 [egg-mongoose] connecting mongodb://127.0.0.1/shoppingMall
2019-07-03 15:24:24,649 INFO 10252 [egg-static] starting static serve /public/ -> C:\Users\Administrator\Desktop\vue商城项目\server\app\public
2019-07-03 15:24:24,652 INFO 10252 [egg-security] use methodnoallow middleware
2019-07-03 15:24:24,653 INFO 10252 [egg-security] use noopen middleware
2019-07-03 15:24:24,654 INFO 10252 [egg-security] use nosniff middleware
2019-07-03 15:24:24,655 INFO 10252 [egg-security] use xssProtection middleware
2019-07-03 15:24:24,656 INFO 10252 [egg-security] use xframe middleware
2019-07-03 15:24:24,656 INFO 10252 [egg-security] use dta middleware
2019-07-03 15:24:24,656 INFO 10252 [egg-security] compose 6 middlewares into one security middleware
2019-07-03 15:24:24,684 INFO 10252 [egg:core] dump config after load, 7ms
2019-07-03 15:24:24,687 INFO 10252 [egg-mongoose] starting...
2019-07-03 15:24:24,727 INFO 10252 [egg-mongoose] mongodb://127.0.0.1/shoppingMall connected successfully
2019-07-03 15:24:24,735 INFO 10252 [egg-mongoose] instance[0] start successfully
2019-07-03 15:24:24,737 INFO 10252 [egg-watcher:application] watcher start success
2019-07-03 15:24:24,748 INFO 10252 [egg:core] dump config after ready, 7ms
2019-11-04 09:12:28,136 INFO 5540 [egg:logger] init all loggers with options: {"dir":"C:\\Users\\Administrator\\Desktop\\Shopping Mall\\server\\logs\\server","encoding":"utf8","env":"local","level":"INFO","consoleLevel":"INFO","disableConsoleAfterReady":false,"outputJSON":false,"buffer":true,"appLogName":"server-web.log","coreLogName":"egg-web.log","agentLogName":"egg-agent.log","errorLogName":"common-error.log","coreLogger":{"consoleLevel":"WARN"},"allowDebugAtProd":false,"type":"application"}
2019-11-04 09:12:28,180 INFO 5540 [egg-multipart] stream mode enable
2019-11-04 09:12:28,596 INFO 5540 [egg-mongoose] connecting mongodb://127.0.0.1/shoppingMall
2019-11-04 09:12:28,940 INFO 5540 [egg-static] starting static serve /public/ -> C:\Users\Administrator\Desktop\Shopping Mall\server\app\public
2019-11-04 09:12:28,943 INFO 5540 [egg-security] use methodnoallow middleware
2019-11-04 09:12:28,945 INFO 5540 [egg-security] use noopen middleware
2019-11-04 09:12:28,947 INFO 5540 [egg-security] use nosniff middleware
2019-11-04 09:12:28,948 INFO 5540 [egg-security] use xssProtection middleware
2019-11-04 09:12:28,948 INFO 5540 [egg-security] use xframe middleware
2019-11-04 09:12:28,949 INFO 5540 [egg-security] use dta middleware
2019-11-04 09:12:28,949 INFO 5540 [egg-security] compose 6 middlewares into one security middleware
2019-11-04 09:12:28,975 INFO 5540 [egg:core] dump config after load, 7ms
2019-11-04 09:12:28,981 INFO 5540 [egg-mongoose] starting...
2019-11-04 09:12:29,050 INFO 5540 [egg-watcher:application] watcher start success
2019-11-04 09:12:29,059 INFO 5540 [egg-mongoose] mongodb://127.0.0.1/shoppingMall connected successfully
2019-11-04 09:12:29,068 INFO 5540 [egg-mongoose] instance[0] start successfully
2019-11-04 09:12:29,077 INFO 5540 [egg:core] dump config after ready, 6ms
2019-11-04 09:28:02,006 INFO 6292 [egg:logger] init all loggers with options: {"dir":"C:\\Users\\Administrator\\Desktop\\Shopping Mall\\server\\logs\\server","encoding":"utf8","env":"local","level":"INFO","consoleLevel":"INFO","disableConsoleAfterReady":false,"outputJSON":false,"buffer":true,"appLogName":"server-web.log","coreLogName":"egg-web.log","agentLogName":"egg-agent.log","errorLogName":"common-error.log","coreLogger":{"consoleLevel":"WARN"},"allowDebugAtProd":false,"type":"application"}
2019-11-04 09:28:02,060 INFO 6292 [egg-multipart] stream mode enable
2019-11-04 09:28:08,127 INFO 6292 [egg-mongoose] connecting mongodb://127.0.0.1/shoppingMall
2019-11-04 09:28:14,612 INFO 6292 [egg-static] starting static serve /public/ -> C:\Users\Administrator\Desktop\Shopping Mall\server\app\public
2019-11-04 09:28:14,699 INFO 6292 [egg-security] use methodnoallow middleware
2019-11-04 09:28:14,701 INFO 6292 [egg-security] use noopen middleware
2019-11-04 09:28:14,706 INFO 6292 [egg-security] use nosniff middleware
2019-11-04 09:28:14,707 INFO 6292 [egg-security] use xssProtection middleware
2019-11-04 09:28:14,709 INFO 6292 [egg-security] use xframe middleware
2019-11-04 09:28:14,711 INFO 6292 [egg-security] use dta middleware
2019-11-04 09:28:14,711 INFO 6292 [egg-security] compose 6 middlewares into one security middleware
2019-11-04 09:28:15,183 INFO 6292 [egg:core] dump config after load, 7ms
2019-11-04 09:28:15,187 INFO 6292 [egg-mongoose] starting...
2019-11-04 09:28:15,474 INFO 6292 [egg-mongoose] mongodb://127.0.0.1/shoppingMall connected successfully
2019-11-04 09:28:15,483 INFO 6292 [egg-mongoose] instance[0] start successfully
2019-11-04 09:28:15,497 INFO 6292 [egg-watcher:application] watcher start success
2019-11-04 09:28:15,530 INFO 6292 [egg:core] dump config after ready, 31ms
2019-11-04 14:03:07,111 INFO 6292 [egg:logger] init all loggers with options: {"dir":"C:\\Users\\Administrator\\Desktop\\Shopping Mall\\server\\logs\\server","encoding":"utf8","env":"local","level":"INFO","consoleLevel":"INFO","disableConsoleAfterReady":false,"outputJSON":false,"buffer":true,"appLogName":"server-web.log","coreLogName":"egg-web.log","agentLogName":"egg-agent.log","errorLogName":"common-error.log","coreLogger":{"consoleLevel":"WARN"},"allowDebugAtProd":false,"type":"application"}
2019-11-04 14:03:07,166 INFO 6292 [egg-multipart] stream mode enable
2019-11-04 14:03:13,509 INFO 6292 [egg-mongoose] connecting mongodb://127.0.0.1/shoppingMall
2019-11-04 14:03:18,517 INFO 6292 [egg-static] starting static serve /public/ -> C:\Users\Administrator\Desktop\Shopping Mall\server\app\public
2019-11-04 14:03:18,555 INFO 6292 [egg-security] use methodnoallow middleware
2019-11-04 14:03:18,558 INFO 6292 [egg-security] use noopen middleware
2019-11-04 14:03:18,565 INFO 6292 [egg-security] use nosniff middleware
2019-11-04 14:03:18,569 INFO 6292 [egg-security] use xssProtection middleware
2019-11-04 14:03:18,572 INFO 6292 [egg-security] use xframe middleware
2019-11-04 14:03:18,575 INFO 6292 [egg-security] use dta middleware
2019-11-04 14:03:18,575 INFO 6292 [egg-security] compose 6 middlewares into one security middleware
2019-11-04 14:03:18,857 INFO 6292 [egg:core] dump config after load, 21ms
2019-11-04 14:03:18,860 INFO 6292 [egg-mongoose] starting...
2019-11-04 14:03:19,035 INFO 6292 [egg-watcher:application] watcher start success
2019-11-04 14:03:19,378 INFO 6292 [egg-mongoose] mongodb://127.0.0.1/shoppingMall connected successfully
2019-11-04 14:03:19,402 INFO 6292 [egg-mongoose] instance[0] start successfully
2019-11-04 14:03:19,421 INFO 6292 [egg:core] dump config after ready, 16ms
2019-11-04 20:05:56,652 INFO 56564 [egg:logger] init all loggers with options: {"dir":"C:\\Users\\admin\\Desktop\\Shopping Mall\\server\\logs\\server","encoding":"utf8","env":"local","level":"INFO","consoleLevel":"INFO","disableConsoleAfterReady":false,"outputJSON":false,"buffer":true,"appLogName":"server-web.log","coreLogName":"egg-web.log","agentLogName":"egg-agent.log","errorLogName":"common-error.log","coreLogger":{"consoleLevel":"WARN"},"allowDebugAtProd":false,"type":"application"}
2019-11-04 20:05:56,722 INFO 56564 [egg-multipart] stream mode enable
2019-11-04 20:05:57,605 INFO 56564 [egg-mongoose] connecting mongodb://127.0.0.1/shoppingMall
2019-11-04 20:05:58,620 INFO 56564 [egg-static] starting static serve /public/ -> C:\Users\admin\Desktop\Shopping Mall\server\app\public
2019-11-04 20:05:58,627 INFO 56564 [egg-security] use methodnoallow middleware
2019-11-04 20:05:58,629 INFO 56564 [egg-security] use noopen middleware
2019-11-04 20:05:58,632 INFO 56564 [egg-security] use nosniff middleware
2019-11-04 20:05:58,633 INFO 56564 [egg-security] use xssProtection middleware
2019-11-04 20:05:58,634 INFO 56564 [egg-security] use xframe middleware
2019-11-04 20:05:58,635 INFO 56564 [egg-security] use dta middleware
2019-11-04 20:05:58,635 INFO 56564 [egg-security] compose 6 middlewares into one security middleware
2019-11-04 20:05:58,744 INFO 56564 [egg:core] dump config after load, 26ms
2019-11-04 20:05:58,753 INFO 56564 [egg-mongoose] starting...
2019-11-04 20:05:59,023 INFO 56564 [egg-watcher:application] watcher start success
2019-11-04 20:06:00,579 INFO 56564 [egg-mongoose] mongodb://127.0.0.1/shoppingMall connected successfully
2019-11-04 20:06:00,601 INFO 56564 [egg-mongoose] instance[0] start successfully
2019-11-04 20:06:00,655 INFO 56564 [egg:core] dump config after ready, 40ms
2019-11-05 08:40:52,581 INFO 4484 [egg:logger] init all loggers with options: {"dir":"C:\\Users\\Administrator\\Desktop\\Shopping Mall\\server\\logs\\server","encoding":"utf8","env":"local","level":"INFO","consoleLevel":"INFO","disableConsoleAfterReady":false,"outputJSON":false,"buffer":true,"appLogName":"server-web.log","coreLogName":"egg-web.log","agentLogName":"egg-agent.log","errorLogName":"common-error.log","coreLogger":{"consoleLevel":"WARN"},"allowDebugAtProd":false,"type":"application"}
2019-11-05 08:40:52,615 INFO 4484 [egg-multipart] stream mode enable
2019-11-05 08:40:53,093 INFO 4484 [egg-mongoose] connecting mongodb://127.0.0.1/shoppingMall
2019-11-05 08:40:53,754 INFO 4484 [egg-static] starting static serve /public/ -> C:\Users\Administrator\Desktop\Shopping Mall\server\app\public
2019-11-05 08:40:53,766 INFO 4484 [egg-security] use methodnoallow middleware
2019-11-05 08:40:53,768 INFO 4484 [egg-security] use noopen middleware
2019-11-05 08:40:53,773 INFO 4484 [egg-security] use nosniff middleware
2019-11-05 08:40:53,775 INFO 4484 [egg-security] use xssProtection middleware
2019-11-05 08:40:53,776 INFO 4484 [egg-security] use xframe middleware
2019-11-05 08:40:53,778 INFO 4484 [egg-security] use dta middleware
2019-11-05 08:40:53,778 INFO 4484 [egg-security] compose 6 middlewares into one security middleware
2019-11-05 08:40:54,240 INFO 4484 [egg:core] dump config after load, 20ms
2019-11-05 08:40:54,245 INFO 4484 [egg-mongoose] starting...
2019-11-05 08:40:54,540 INFO 4484 [egg-watcher:application] watcher start success
2019-11-05 08:40:54,865 INFO 4484 [egg-mongoose] mongodb://127.0.0.1/shoppingMall connected successfully
2019-11-05 08:40:54,877 INFO 4484 [egg-mongoose] instance[0] start successfully
2019-11-05 08:40:54,889 INFO 4484 [egg:core] dump config after ready, 11ms
2019-11-06 08:29:23,789 INFO 3928 [egg:logger] init all loggers with options: {"dir":"C:\\Users\\Administrator\\Desktop\\Shopping Mall\\server\\logs\\server","encoding":"utf8","env":"local","level":"INFO","consoleLevel":"INFO","disableConsoleAfterReady":false,"outputJSON":false,"buffer":true,"appLogName":"server-web.log","coreLogName":"egg-web.log","agentLogName":"egg-agent.log","errorLogName":"common-error.log","coreLogger":{"consoleLevel":"WARN"},"allowDebugAtProd":false,"type":"application"}
2019-11-06 08:29:23,842 INFO 3928 [egg-multipart] stream mode enable
2019-11-06 08:29:29,445 INFO 3928 [egg-mongoose] connecting mongodb://127.0.0.1/shoppingMall
2019-11-06 08:29:33,674 INFO 3928 [egg-static] starting static serve /public/ -> C:\Users\Administrator\Desktop\Shopping Mall\server\app\public
2019-11-06 08:29:33,701 INFO 3928 [egg-security] use methodnoallow middleware
2019-11-06 08:29:33,703 INFO 3928 [egg-security] use noopen middleware
2019-11-06 08:29:33,706 INFO 3928 [egg-security] use nosniff middleware
2019-11-06 08:29:33,708 INFO 3928 [egg-security] use xssProtection middleware
2019-11-06 08:29:33,710 INFO 3928 [egg-security] use xframe middleware
2019-11-06 08:29:33,711 INFO 3928 [egg-security] use dta middleware
2019-11-06 08:29:33,712 INFO 3928 [egg-security] compose 6 middlewares into one security middleware
2019-11-06 08:29:33,907 INFO 3928 [egg:core] dump config after load, 19ms
2019-11-06 08:29:33,914 INFO 3928 [egg-mongoose] starting...
2019-11-06 08:29:34,030 INFO 3928 [egg-watcher:application] watcher start success
2019-11-06 08:29:34,049 INFO 3928 [egg-mongoose] mongodb://127.0.0.1/shoppingMall connected successfully
2019-11-06 08:29:34,057 INFO 3928 [egg-mongoose] instance[0] start successfully
2019-11-06 08:29:34,067 INFO 3928 [egg:core] dump config after ready, 8ms
2019-11-07 08:31:17,665 INFO 760 [egg:logger] init all loggers with options: {"dir":"C:\\Users\\Administrator\\Desktop\\Shopping Mall\\server\\logs\\server","encoding":"utf8","env":"local","level":"INFO","consoleLevel":"INFO","disableConsoleAfterReady":false,"outputJSON":false,"buffer":true,"appLogName":"server-web.log","coreLogName":"egg-web.log","agentLogName":"egg-agent.log","errorLogName":"common-error.log","coreLogger":{"consoleLevel":"WARN"},"allowDebugAtProd":false,"type":"application"}
2019-11-07 08:31:17,702 INFO 760 [egg-multipart] stream mode enable
2019-11-07 08:31:23,203 INFO 760 [egg-mongoose] connecting mongodb://127.0.0.1/shoppingMall
2019-11-07 08:31:27,432 INFO 760 [egg-static] starting static serve /public/ -> C:\Users\Administrator\Desktop\Shopping Mall\server\app\public
2019-11-07 08:31:27,460 INFO 760 [egg-security] use methodnoallow middleware
2019-11-07 08:31:27,462 INFO 760 [egg-security] use noopen middleware
2019-11-07 08:31:27,466 INFO 760 [egg-security] use nosniff middleware
2019-11-07 08:31:27,468 INFO 760 [egg-security] use xssProtection middleware
2019-11-07 08:31:27,470 INFO 760 [egg-security] use xframe middleware
2019-11-07 08:31:27,473 INFO 760 [egg-security] use dta middleware
2019-11-07 08:31:27,473 INFO 760 [egg-security] compose 6 middlewares into one security middleware
2019-11-07 08:31:27,670 INFO 760 [egg:core] dump config after load, 39ms
2019-11-07 08:31:27,678 INFO 760 [egg-mongoose] starting...
2019-11-07 08:31:27,801 INFO 760 [egg-watcher:application] watcher start success
2019-11-07 08:31:27,817 INFO 760 [egg-mongoose] mongodb://127.0.0.1/shoppingMall connected successfully
2019-11-07 08:31:27,825 INFO 760 [egg-mongoose] instance[0] start successfully
2019-11-07 08:31:27,838 INFO 760 [egg:core] dump config after ready, 11ms
2019-11-08 08:33:24,129 INFO 5560 [egg:logger] init all loggers with options: {"dir":"C:\\Users\\Administrator\\Desktop\\Shopping Mall\\server\\logs\\server","encoding":"utf8","env":"local","level":"INFO","consoleLevel":"INFO","disableConsoleAfterReady":false,"outputJSON":false,"buffer":true,"appLogName":"server-web.log","coreLogName":"egg-web.log","agentLogName":"egg-agent.log","errorLogName":"common-error.log","coreLogger":{"consoleLevel":"WARN"},"allowDebugAtProd":false,"type":"application"}
2019-11-08 08:33:24,186 INFO 5560 [egg-multipart] stream mode enable
2019-11-08 08:33:29,768 INFO 5560 [egg-mongoose] connecting mongodb://127.0.0.1/shoppingMall
2019-11-08 08:33:33,953 INFO 5560 [egg-static] starting static serve /public/ -> C:\Users\Administrator\Desktop\Shopping Mall\server\app\public
2019-11-08 08:33:33,985 INFO 5560 [egg-security] use methodnoallow middleware
2019-11-08 08:33:33,988 INFO 5560 [egg-security] use noopen middleware
2019-11-08 08:33:33,993 INFO 5560 [egg-security] use nosniff middleware
2019-11-08 08:33:33,996 INFO 5560 [egg-security] use xssProtection middleware
2019-11-08 08:33:33,998 INFO 5560 [egg-security] use xframe middleware
2019-11-08 08:33:34,000 INFO 5560 [egg-security] use dta middleware
2019-11-08 08:33:34,001 INFO 5560 [egg-security] compose 6 middlewares into one security middleware
2019-11-08 08:33:34,231 INFO 5560 [egg:core] dump config after load, 35ms
2019-11-08 08:33:34,236 INFO 5560 [egg-mongoose] starting...
2019-11-08 08:33:34,330 INFO 5560 [egg-watcher:application] watcher start success
2019-11-08 08:42:05,604 INFO 5608 [egg:logger] init all loggers with options: {"dir":"C:\\Users\\Administrator\\Desktop\\Shopping Mall\\server\\logs\\server","encoding":"utf8","env":"local","level":"INFO","consoleLevel":"INFO","disableConsoleAfterReady":false,"outputJSON":false,"buffer":true,"appLogName":"server-web.log","coreLogName":"egg-web.log","agentLogName":"egg-agent.log","errorLogName":"common-error.log","coreLogger":{"consoleLevel":"WARN"},"allowDebugAtProd":false,"type":"application"}
2019-11-08 08:42:05,639 INFO 5608 [egg-multipart] stream mode enable
2019-11-08 08:42:06,058 INFO 5608 [egg-mongoose] connecting mongodb://127.0.0.1/shoppingMall
2019-11-08 08:42:06,374 INFO 5608 [egg-static] starting static serve /public/ -> C:\Users\Administrator\Desktop\Shopping Mall\server\app\public
2019-11-08 08:42:06,377 INFO 5608 [egg-security] use methodnoallow middleware
2019-11-08 08:42:06,378 INFO 5608 [egg-security] use noopen middleware
2019-11-08 08:42:06,379 INFO 5608 [egg-security] use nosniff middleware
2019-11-08 08:42:06,380 INFO 5608 [egg-security] use xssProtection middleware
2019-11-08 08:42:06,381 INFO 5608 [egg-security] use xframe middleware
2019-11-08 08:42:06,382 INFO 5608 [egg-security] use dta middleware
2019-11-08 08:42:06,382 INFO 5608 [egg-security] compose 6 middlewares into one security middleware
2019-11-08 08:42:06,404 INFO 5608 [egg:core] dump config after load, 6ms
2019-11-08 08:42:06,406 INFO 5608 [egg-mongoose] starting...
2019-11-08 08:42:06,447 INFO 5608 [egg-watcher:application] watcher start success
2019-11-08 08:43:11,122 INFO 5292 [egg:logger] init all loggers with options: {"dir":"C:\\Users\\Administrator\\Desktop\\Shopping Mall\\server\\logs\\server","encoding":"utf8","env":"local","level":"INFO","consoleLevel":"INFO","disableConsoleAfterReady":false,"outputJSON":false,"buffer":true,"appLogName":"server-web.log","coreLogName":"egg-web.log","agentLogName":"egg-agent.log","errorLogName":"common-error.log","coreLogger":{"consoleLevel":"WARN"},"allowDebugAtProd":false,"type":"application"}
2019-11-08 08:43:11,154 INFO 5292 [egg-multipart] stream mode enable
2019-11-08 08:43:11,562 INFO 5292 [egg-mongoose] connecting mongodb://127.0.0.1/shoppingMall
2019-11-08 08:43:11,904 INFO 5292 [egg-static] starting static serve /public/ -> C:\Users\Administrator\Desktop\Shopping Mall\server\app\public
2019-11-08 08:43:11,908 INFO 5292 [egg-security] use methodnoallow middleware
2019-11-08 08:43:11,908 INFO 5292 [egg-security] use noopen middleware
2019-11-08 08:43:11,910 INFO 5292 [egg-security] use nosniff middleware
2019-11-08 08:43:11,911 INFO 5292 [egg-security] use xssProtection middleware
2019-11-08 08:43:11,911 INFO 5292 [egg-security] use xframe middleware
2019-11-08 08:43:11,912 INFO 5292 [egg-security] use dta middleware
2019-11-08 08:43:11,912 INFO 5292 [egg-security] compose 6 middlewares into one security middleware
2019-11-08 08:43:11,935 INFO 5292 [egg:core] dump config after load, 6ms
2019-11-08 08:43:11,937 INFO 5292 [egg-mongoose] starting...
2019-11-08 08:43:11,993 INFO 5292 [egg-mongoose] mongodb://127.0.0.1/shoppingMall connected successfully
2019-11-08 08:43:12,011 INFO 5292 [egg-mongoose] instance[0] start successfully
2019-11-08 08:43:12,013 INFO 5292 [egg-watcher:application] watcher start success
2019-11-08 08:43:12,021 INFO 5292 [egg:core] dump config after ready, 7ms
2019-11-08 21:45:58,234 ERROR 5292 [egg-mongoose] mongodb://127.0.0.1/shoppingMall disconnected
2019-11-09 08:32:43,329 INFO 1244 [egg:logger] init all loggers with options: {"dir":"C:\\Users\\Administrator\\Desktop\\Shopping Mall\\server\\logs\\server","encoding":"utf8","env":"local","level":"INFO","consoleLevel":"INFO","disableConsoleAfterReady":false,"outputJSON":false,"buffer":true,"appLogName":"server-web.log","coreLogName":"egg-web.log","agentLogName":"egg-agent.log","errorLogName":"common-error.log","coreLogger":{"consoleLevel":"WARN"},"allowDebugAtProd":false,"type":"application"}
2019-11-09 08:32:43,386 INFO 1244 [egg-multipart] stream mode enable
2019-11-09 08:32:48,803 INFO 1244 [egg-mongoose] connecting mongodb://127.0.0.1/shoppingMall
2019-11-09 08:32:53,242 INFO 1244 [egg-static] starting static serve /public/ -> C:\Users\Administrator\Desktop\Shopping Mall\server\app\public
2019-11-09 08:32:53,273 INFO 1244 [egg-security] use methodnoallow middleware
2019-11-09 08:32:53,275 INFO 1244 [egg-security] use noopen middleware
2019-11-09 08:32:53,278 INFO 1244 [egg-security] use nosniff middleware
2019-11-09 08:32:53,280 INFO 1244 [egg-security] use xssProtection middleware
2019-11-09 08:32:53,281 INFO 1244 [egg-security] use xframe middleware
2019-11-09 08:32:53,283 INFO 1244 [egg-security] use dta middleware
2019-11-09 08:32:53,283 INFO 1244 [egg-security] compose 6 middlewares into one security middleware
2019-11-09 08:32:53,479 INFO 1244 [egg:core] dump config after load, 28ms
2019-11-09 08:32:53,484 INFO 1244 [egg-mongoose] starting...
2019-11-09 08:32:53,612 INFO 1244 [egg-mongoose] mongodb://127.0.0.1/shoppingMall connected successfully
2019-11-09 08:32:53,619 INFO 1244 [egg-mongoose] instance[0] start successfully
2019-11-09 08:32:53,622 INFO 1244 [egg-watcher:application] watcher start success
2019-11-09 08:32:53,630 INFO 1244 [egg:core] dump config after ready, 7ms
2019-11-11 08:31:02,232 INFO 4308 [egg:logger] init all loggers with options: {"dir":"C:\\Users\\Administrator\\Desktop\\Shopping Mall\\server\\logs\\server","encoding":"utf8","env":"local","level":"INFO","consoleLevel":"INFO","disableConsoleAfterReady":false,"outputJSON":false,"buffer":true,"appLogName":"server-web.log","coreLogName":"egg-web.log","agentLogName":"egg-agent.log","errorLogName":"common-error.log","coreLogger":{"consoleLevel":"WARN"},"allowDebugAtProd":false,"type":"application"}
2019-11-11 08:31:02,284 INFO 4308 [egg-multipart] stream mode enable
2019-11-11 08:31:07,708 INFO 4308 [egg-mongoose] connecting mongodb://127.0.0.1/shoppingMall
2019-11-11 08:31:11,990 INFO 4308 [egg-static] starting static serve /public/ -> C:\Users\Administrator\Desktop\Shopping Mall\server\app\public
2019-11-11 08:31:12,034 INFO 4308 [egg-security] use methodnoallow middleware
2019-11-11 08:31:12,039 INFO 4308 [egg-security] use noopen middleware
2019-11-11 08:31:12,045 INFO 4308 [egg-security] use nosniff middleware
2019-11-11 08:31:12,048 INFO 4308 [egg-security] use xssProtection middleware
2019-11-11 08:31:12,051 INFO 4308 [egg-security] use xframe middleware
2019-11-11 08:31:12,054 INFO 4308 [egg-security] use dta middleware
2019-11-11 08:31:12,055 INFO 4308 [egg-security] compose 6 middlewares into one security middleware
2019-11-11 08:31:12,278 INFO 4308 [egg:core] dump config after load, 38ms
2019-11-11 08:31:12,288 INFO 4308 [egg-mongoose] starting...
2019-11-11 08:31:12,377 INFO 4308 [egg-mongoose] mongodb://127.0.0.1/shoppingMall connected successfully
2019-11-11 08:31:12,395 INFO 4308 [egg-mongoose] instance[0] start successfully
2019-11-11 08:31:12,398 INFO 4308 [egg-watcher:application] watcher start success
2019-11-11 08:31:12,410 INFO 4308 [egg:core] dump config after ready, 11ms
2019-11-12 08:32:04,135 INFO 4256 [egg:logger] init all loggers with options: {"dir":"C:\\Users\\Administrator\\Desktop\\Shopping Mall\\server\\logs\\server","encoding":"utf8","env":"local","level":"INFO","consoleLevel":"INFO","disableConsoleAfterReady":false,"outputJSON":false,"buffer":true,"appLogName":"server-web.log","coreLogName":"egg-web.log","agentLogName":"egg-agent.log","errorLogName":"common-error.log","coreLogger":{"consoleLevel":"WARN"},"allowDebugAtProd":false,"type":"application"}
2019-11-12 08:32:04,186 INFO 4256 [egg-multipart] stream mode enable
2019-11-12 08:32:09,844 INFO 4256 [egg-mongoose] connecting mongodb://127.0.0.1/shoppingMall
2019-11-12 08:32:14,307 INFO 4256 [egg-static] starting static serve /public/ -> C:\Users\Administrator\Desktop\Shopping Mall\server\app\public
2019-11-12 08:32:14,353 INFO 4256 [egg-security] use methodnoallow middleware
2019-11-12 08:32:14,357 INFO 4256 [egg-security] use noopen middleware
2019-11-12 08:32:14,362 INFO 4256 [egg-security] use nosniff middleware
2019-11-12 08:32:14,366 INFO 4256 [egg-security] use xssProtection middleware
2019-11-12 08:32:14,371 INFO 4256 [egg-security] use xframe middleware
2019-11-12 08:32:14,374 INFO 4256 [egg-security] use dta middleware
2019-11-12 08:32:14,374 INFO 4256 [egg-security] compose 6 middlewares into one security middleware
2019-11-12 08:32:14,611 INFO 4256 [egg:core] dump config after load, 38ms
2019-11-12 08:32:14,622 INFO 4256 [egg-mongoose] starting...
2019-11-12 08:32:14,720 INFO 4256 [egg-mongoose] mongodb://127.0.0.1/shoppingMall connected successfully
2019-11-12 08:32:14,738 INFO 4256 [egg-mongoose] instance[0] start successfully
2019-11-12 08:32:14,741 INFO 4256 [egg-watcher:application] watcher start success
2019-11-12 08:32:14,753 INFO 4256 [egg:core] dump config after ready, 11ms
2019-11-13 08:35:03,446 INFO 3868 [egg:logger] init all loggers with options: {"dir":"C:\\Users\\Administrator\\Desktop\\Shopping Mall\\server\\logs\\server","encoding":"utf8","env":"local","level":"INFO","consoleLevel":"INFO","disableConsoleAfterReady":false,"outputJSON":false,"buffer":true,"appLogName":"server-web.log","coreLogName":"egg-web.log","agentLogName":"egg-agent.log","errorLogName":"common-error.log","coreLogger":{"consoleLevel":"WARN"},"allowDebugAtProd":false,"type":"application"}
2019-11-13 08:35:03,496 INFO 3868 [egg-multipart] stream mode enable
2019-11-13 08:35:09,093 INFO 3868 [egg-mongoose] connecting mongodb://127.0.0.1/shoppingMall
2019-11-13 08:35:13,430 INFO 3868 [egg-static] starting static serve /public/ -> C:\Users\Administrator\Desktop\Shopping Mall\server\app\public
2019-11-13 08:35:13,467 INFO 3868 [egg-security] use methodnoallow middleware
2019-11-13 08:35:13,471 INFO 3868 [egg-security] use noopen middleware
2019-11-13 08:35:13,476 INFO 3868 [egg-security] use nosniff middleware
2019-11-13 08:35:13,480 INFO 3868 [egg-security] use xssProtection middleware
2019-11-13 08:35:13,484 INFO 3868 [egg-security] use xframe middleware
2019-11-13 08:35:13,487 INFO 3868 [egg-security] use dta middleware
2019-11-13 08:35:13,487 INFO 3868 [egg-security] compose 6 middlewares into one security middleware
2019-11-13 08:35:13,702 INFO 3868 [egg:core] dump config after load, 39ms
2019-11-13 08:35:13,712 INFO 3868 [egg-mongoose] starting...
2019-11-13 08:35:13,894 INFO 3868 [egg-watcher:application] watcher start success
2019-11-13 08:36:25,390 INFO 5324 [egg:logger] init all loggers with options: {"dir":"C:\\Users\\Administrator\\Desktop\\Shopping Mall\\server\\logs\\server","encoding":"utf8","env":"local","level":"INFO","consoleLevel":"INFO","disableConsoleAfterReady":false,"outputJSON":false,"buffer":true,"appLogName":"server-web.log","coreLogName":"egg-web.log","agentLogName":"egg-agent.log","errorLogName":"common-error.log","coreLogger":{"consoleLevel":"WARN"},"allowDebugAtProd":false,"type":"application"}
2019-11-13 08:36:25,423 INFO 5324 [egg-multipart] stream mode enable
2019-11-13 08:36:25,823 INFO 5324 [egg-mongoose] connecting mongodb://127.0.0.1/shoppingMall
2019-11-13 08:36:26,149 INFO 5324 [egg-static] starting static serve /public/ -> C:\Users\Administrator\Desktop\Shopping Mall\server\app\public
2019-11-13 08:36:26,153 INFO 5324 [egg-security] use methodnoallow middleware
2019-11-13 08:36:26,154 INFO 5324 [egg-security] use noopen middleware
2019-11-13 08:36:26,155 INFO 5324 [egg-security] use nosniff middleware
2019-11-13 08:36:26,156 INFO 5324 [egg-security] use xssProtection middleware
2019-11-13 08:36:26,156 INFO 5324 [egg-security] use xframe middleware
2019-11-13 08:36:26,157 INFO 5324 [egg-security] use dta middleware
2019-11-13 08:36:26,157 INFO 5324 [egg-security] compose 6 middlewares into one security middleware
2019-11-13 08:36:26,181 INFO 5324 [egg:core] dump config after load, 7ms
2019-11-13 08:36:26,186 INFO 5324 [egg-mongoose] starting...
2019-11-13 08:36:26,242 INFO 5324 [egg-mongoose] mongodb://127.0.0.1/shoppingMall connected successfully
2019-11-13 08:36:26,261 INFO 5324 [egg-mongoose] instance[0] start successfully
2019-11-13 08:36:26,263 INFO 5324 [egg-watcher:application] watcher start success
2019-11-13 08:36:26,274 INFO 5324 [egg:core] dump config after ready, 9ms
2019-11-13 18:31:10,818 INFO 13356 [egg:logger] init all loggers with options: {"dir":"C:\\Users\\Administrator\\Desktop\\Shopping Mall\\server\\logs\\server","encoding":"utf8","env":"local","level":"INFO","consoleLevel":"INFO","disableConsoleAfterReady":false,"outputJSON":false,"buffer":true,"appLogName":"server-web.log","coreLogName":"egg-web.log","agentLogName":"egg-agent.log","errorLogName":"common-error.log","coreLogger":{"consoleLevel":"WARN"},"allowDebugAtProd":false,"type":"application"}
2019-11-13 18:31:10,873 INFO 13356 [egg-multipart] stream mode enable
2019-11-13 18:31:16,201 INFO 13356 [egg-mongoose] connecting mongodb://127.0.0.1/shoppingMall
2019-11-13 18:31:20,591 INFO 13356 [egg-static] starting static serve /public/ -> C:\Users\Administrator\Desktop\Shopping Mall\server\app\public
2019-11-13 18:31:20,614 INFO 13356 [egg-security] use methodnoallow middleware
2019-11-13 18:31:20,616 INFO 13356 [egg-security] use noopen middleware
2019-11-13 18:31:20,619 INFO 13356 [egg-security] use nosniff middleware
2019-11-13 18:31:20,621 INFO 13356 [egg-security] use xssProtection middleware
2019-11-13 18:31:20,622 INFO 13356 [egg-security] use xframe middleware
2019-11-13 18:31:20,624 INFO 13356 [egg-security] use dta middleware
2019-11-13 18:31:20,624 INFO 13356 [egg-security] compose 6 middlewares into one security middleware
2019-11-13 18:31:20,853 INFO 13356 [egg:core] dump config after load, 42ms
2019-11-13 18:31:20,860 INFO 13356 [egg-mongoose] starting...
2019-11-13 18:31:20,943 INFO 13356 [egg-mongoose] mongodb://127.0.0.1/shoppingMall connected successfully
2019-11-13 18:31:20,960 INFO 13356 [egg-mongoose] instance[0] start successfully
2019-11-13 18:31:20,964 INFO 13356 [egg-watcher:application] watcher start success
2019-11-13 18:31:20,974 INFO 13356 [egg:core] dump config after ready, 8ms
2019-11-13 21:10:09,135 ERROR 13356 [egg-mongoose] mongodb://127.0.0.1/shoppingMall disconnected
2019-11-14 08:30:55,351 INFO 3592 [egg:logger] init all loggers with options: {"dir":"C:\\Users\\Administrator\\Desktop\\Shopping Mall\\server\\logs\\server","encoding":"utf8","env":"local","level":"INFO","consoleLevel":"INFO","disableConsoleAfterReady":false,"outputJSON":false,"buffer":true,"appLogName":"server-web.log","coreLogName":"egg-web.log","agentLogName":"egg-agent.log","errorLogName":"common-error.log","coreLogger":{"consoleLevel":"WARN"},"allowDebugAtProd":false,"type":"application"}
2019-11-14 08:30:55,390 INFO 3592 [egg-multipart] stream mode enable
2019-11-14 08:31:01,039 INFO 3592 [egg-mongoose] connecting mongodb://127.0.0.1/shoppingMall
2019-11-14 08:31:05,506 INFO 3592 [egg-static] starting static serve /public/ -> C:\Users\Administrator\Desktop\Shopping Mall\server\app\public
2019-11-14 08:31:05,532 INFO 3592 [egg-security] use methodnoallow middleware
2019-11-14 08:31:05,543 INFO 3592 [egg-security] use noopen middleware
2019-11-14 08:31:05,546 INFO 3592 [egg-security] use nosniff middleware
2019-11-14 08:31:05,549 INFO 3592 [egg-security] use xssProtection middleware
2019-11-14 08:31:05,551 INFO 3592 [egg-security] use xframe middleware
2019-11-14 08:31:05,553 INFO 3592 [egg-security] use dta middleware
2019-11-14 08:31:05,553 INFO 3592 [egg-security] compose 6 middlewares into one security middleware
2019-11-14 08:31:05,750 INFO 3592 [egg:core] dump config after load, 25ms
2019-11-14 08:31:05,754 INFO 3592 [egg-mongoose] starting...
2019-11-14 08:31:05,842 INFO 3592 [egg-watcher:application] watcher start success
2019-11-14 08:31:43,449 INFO 4192 [egg:logger] init all loggers with options: {"dir":"C:\\Users\\Administrator\\Desktop\\Shopping Mall\\server\\logs\\server","encoding":"utf8","env":"local","level":"INFO","consoleLevel":"INFO","disableConsoleAfterReady":false,"outputJSON":false,"buffer":true,"appLogName":"server-web.log","coreLogName":"egg-web.log","agentLogName":"egg-agent.log","errorLogName":"common-error.log","coreLogger":{"consoleLevel":"WARN"},"allowDebugAtProd":false,"type":"application"}
2019-11-14 08:31:43,483 INFO 4192 [egg-multipart] stream mode enable
2019-11-14 08:31:43,889 INFO 4192 [egg-mongoose] connecting mongodb://127.0.0.1/shoppingMall
2019-11-14 08:31:44,221 INFO 4192 [egg-static] starting static serve /public/ -> C:\Users\Administrator\Desktop\Shopping Mall\server\app\public
2019-11-14 08:31:44,224 INFO 4192 [egg-security] use methodnoallow middleware
2019-11-14 08:31:44,225 INFO 4192 [egg-security] use noopen middleware
2019-11-14 08:31:44,226 INFO 4192 [egg-security] use nosniff middleware
2019-11-14 08:31:44,227 INFO 4192 [egg-security] use xssProtection middleware
2019-11-14 08:31:44,228 INFO 4192 [egg-security] use xframe middleware
2019-11-14 08:31:44,228 INFO 4192 [egg-security] use dta middleware
2019-11-14 08:31:44,229 INFO 4192 [egg-security] compose 6 middlewares into one security middleware
2019-11-14 08:31:44,254 INFO 4192 [egg:core] dump config after load, 8ms
2019-11-14 08:31:44,257 INFO 4192 [egg-mongoose] starting...
2019-11-14 08:31:44,324 INFO 4192 [egg-mongoose] mongodb://127.0.0.1/shoppingMall connected successfully
2019-11-14 08:31:44,332 INFO 4192 [egg-mongoose] instance[0] start successfully
2019-11-14 08:31:44,334 INFO 4192 [egg-watcher:application] watcher start success
2019-11-14 08:31:44,345 INFO 4192 [egg:core] dump config after ready, 9ms
2019-11-14 19:25:58,743 ERROR 4192 [egg-mongoose] mongodb://127.0.0.1/shoppingMall disconnected
2019-11-15 08:33:58,926 INFO 4900 [egg:logger] init all loggers with options: {"dir":"C:\\Users\\Administrator\\Desktop\\Shopping Mall\\server\\logs\\server","encoding":"utf8","env":"local","level":"INFO","consoleLevel":"INFO","disableConsoleAfterReady":false,"outputJSON":false,"buffer":true,"appLogName":"server-web.log","coreLogName":"egg-web.log","agentLogName":"egg-agent.log","errorLogName":"common-error.log","coreLogger":{"consoleLevel":"WARN"},"allowDebugAtProd":false,"type":"application"}
2019-11-15 08:33:58,971 INFO 4900 [egg-multipart] stream mode enable
2019-11-15 08:34:04,195 INFO 4900 [egg-mongoose] connecting mongodb://127.0.0.1/shoppingMall
2019-11-15 08:34:09,059 INFO 4900 [egg-static] starting static serve /public/ -> C:\Users\Administrator\Desktop\Shopping Mall\server\app\public
2019-11-15 08:34:09,078 INFO 4900 [egg-security] use methodnoallow middleware
2019-11-15 08:34:09,089 INFO 4900 [egg-security] use noopen middleware
2019-11-15 08:34:09,092 INFO 4900 [egg-security] use nosniff middleware
2019-11-15 08:34:09,094 INFO 4900 [egg-security] use xssProtection middleware
2019-11-15 08:34:09,095 INFO 4900 [egg-security] use xframe middleware
2019-11-15 08:34:09,097 INFO 4900 [egg-security] use dta middleware
2019-11-15 08:34:09,097 INFO 4900 [egg-security] compose 6 middlewares into one security middleware
2019-11-15 08:34:09,303 INFO 4900 [egg:core] dump config after load, 18ms
2019-11-15 08:34:09,306 INFO 4900 [egg-mongoose] starting...
2019-11-15 08:34:09,413 INFO 4900 [egg-watcher:application] watcher start success
2019-11-15 08:34:09,433 INFO 4900 [egg-mongoose] mongodb://127.0.0.1/shoppingMall connected successfully
2019-11-15 08:34:09,440 INFO 4900 [egg-mongoose] instance[0] start successfully
2019-11-15 08:34:09,450 INFO 4900 [egg:core] dump config after ready, 8ms
2019-11-16 08:30:10,060 INFO 4884 [egg:logger] init all loggers with options: {"dir":"C:\\Users\\Administrator\\Desktop\\Shopping Mall\\server\\logs\\server","encoding":"utf8","env":"local","level":"INFO","consoleLevel":"INFO","disableConsoleAfterReady":false,"outputJSON":false,"buffer":true,"appLogName":"server-web.log","coreLogName":"egg-web.log","agentLogName":"egg-agent.log","errorLogName":"common-error.log","coreLogger":{"consoleLevel":"WARN"},"allowDebugAtProd":false,"type":"application"}
2019-11-16 08:30:10,121 INFO 4884 [egg-multipart] stream mode enable
2019-11-16 08:30:15,518 INFO 4884 [egg-mongoose] connecting mongodb://127.0.0.1/shoppingMall
2019-11-16 08:30:19,775 INFO 4884 [egg-static] starting static serve /public/ -> C:\Users\Administrator\Desktop\Shopping Mall\server\app\public
2019-11-16 08:30:19,810 INFO 4884 [egg-security] use methodnoallow middleware
2019-11-16 08:30:19,814 INFO 4884 [egg-security] use noopen middleware
2019-11-16 08:30:19,820 INFO 4884 [egg-security] use nosniff middleware
2019-11-16 08:30:19,823 INFO 4884 [egg-security] use xssProtection middleware
2019-11-16 08:30:19,826 INFO 4884 [egg-security] use xframe middleware
2019-11-16 08:30:19,829 INFO 4884 [egg-security] use dta middleware
2019-11-16 08:30:19,829 INFO 4884 [egg-security] compose 6 middlewares into one security middleware
2019-11-16 08:30:20,058 INFO 4884 [egg:core] dump config after load, 30ms
2019-11-16 08:30:20,066 INFO 4884 [egg-mongoose] starting...
2019-11-16 08:30:20,158 INFO 4884 [egg-mongoose] mongodb://127.0.0.1/shoppingMall connected successfully
2019-11-16 08:30:20,172 INFO 4884 [egg-mongoose] instance[0] start successfully
2019-11-16 08:30:20,175 INFO 4884 [egg-watcher:application] watcher start success
2019-11-16 08:30:20,187 INFO 4884 [egg:core] dump config after ready, 10ms
